[INFO  - 2017-06-18T10:49:39.539Z] GhostDriver - Main - running on port 29552
[INFO  - 2017-06-18T10:49:39.795Z] Session [d41cd2a0-5413-11e7-adb2-c194c7b7a15c] - page.settings - {"XSSAuditingEnabled":false,"javascriptCanCloseWindows":true,"javascriptCanOpenWindows":true,"javascriptEnabled":true,"loadImages":true,"localToRemoteUrlAccessEnabled":false,"userAgent":"Mozilla/5.0 (Macintosh; Intel Mac OS X) AppleWebKit/538.1 (KHTML, like Gecko) PhantomJS/2.1.1 Safari/538.1","webSecurityEnabled":true}
[INFO  - 2017-06-18T10:49:39.795Z] Session [d41cd2a0-5413-11e7-adb2-c194c7b7a15c] - page.customHeaders:  - {}
[INFO  - 2017-06-18T10:49:39.795Z] Session [d41cd2a0-5413-11e7-adb2-c194c7b7a15c] - Session.negotiatedCapabilities - {"browserName":"phantomjs","version":"2.1.1","driverName":"ghostdriver","driverVersion":"1.2.0","platform":"mac-10.11 (El Capitan)-64bit","javascriptEnabled":true,"takesScreenshot":true,"handlesAlerts":false,"databaseEnabled":false,"locationContextEnabled":false,"applicationCacheEnabled":false,"browserConnectionEnabled":false,"cssSelectorsEnabled":true,"webStorageEnabled":false,"rotatable":false,"acceptSslCerts":false,"nativeEvents":true,"proxy":{"proxyType":"direct"}}
[INFO  - 2017-06-18T10:49:39.796Z] SessionManagerReqHand - _postNewSessionCommand - New Session Created: d41cd2a0-5413-11e7-adb2-c194c7b7a15c
[INFO  - 2017-06-18T10:49:44.110Z] ShutdownReqHand - _handle - About to shutdown
[INFO  - 2017-06-18T10:52:08.116Z] GhostDriver - Main - running on port 15863
[INFO  - 2017-06-18T10:52:08.364Z] Session [2cab6a80-5414-11e7-ab7d-5ffdaafe2ef9] - page.settings - {"XSSAuditingEnabled":false,"javascriptCanCloseWindows":true,"javascriptCanOpenWindows":true,"javascriptEnabled":true,"loadImages":true,"localToRemoteUrlAccessEnabled":false,"userAgent":"Mozilla/5.0 (Macintosh; Intel Mac OS X) AppleWebKit/538.1 (KHTML, like Gecko) PhantomJS/2.1.1 Safari/538.1","webSecurityEnabled":true}
[INFO  - 2017-06-18T10:52:08.364Z] Session [2cab6a80-5414-11e7-ab7d-5ffdaafe2ef9] - page.customHeaders:  - {}
[INFO  - 2017-06-18T10:52:08.364Z] Session [2cab6a80-5414-11e7-ab7d-5ffdaafe2ef9] - Session.negotiatedCapabilities - {"browserName":"phantomjs","version":"2.1.1","driverName":"ghostdriver","driverVersion":"1.2.0","platform":"mac-10.11 (El Capitan)-64bit","javascriptEnabled":true,"takesScreenshot":true,"handlesAlerts":false,"databaseEnabled":false,"locationContextEnabled":false,"applicationCacheEnabled":false,"browserConnectionEnabled":false,"cssSelectorsEnabled":true,"webStorageEnabled":false,"rotatable":false,"acceptSslCerts":false,"nativeEvents":true,"proxy":{"proxyType":"direct"}}
[INFO  - 2017-06-18T10:52:08.364Z] SessionManagerReqHand - _postNewSessionCommand - New Session Created: 2cab6a80-5414-11e7-ab7d-5ffdaafe2ef9
[INFO  - 2017-06-18T10:52:23.810Z] ShutdownReqHand - _handle - About to shutdown
[INFO  - 2017-06-18T14:03:29.107Z] GhostDriver - Main - running on port 11394
[INFO  - 2017-06-18T14:03:29.338Z] Session [e7dcde50-542e-11e7-8017-316b85e84ccd] - page.settings - {"XSSAuditingEnabled":false,"javascriptCanCloseWindows":true,"javascriptCanOpenWindows":true,"javascriptEnabled":true,"loadImages":true,"localToRemoteUrlAccessEnabled":false,"userAgent":"Mozilla/5.0 (Macintosh; Intel Mac OS X) AppleWebKit/538.1 (KHTML, like Gecko) PhantomJS/2.1.1 Safari/538.1","webSecurityEnabled":true}
[INFO  - 2017-06-18T14:03:29.338Z] Session [e7dcde50-542e-11e7-8017-316b85e84ccd] - page.customHeaders:  - {}
[INFO  - 2017-06-18T14:03:29.338Z] Session [e7dcde50-542e-11e7-8017-316b85e84ccd] - Session.negotiatedCapabilities - {"browserName":"phantomjs","version":"2.1.1","driverName":"ghostdriver","driverVersion":"1.2.0","platform":"mac-10.11 (El Capitan)-64bit","javascriptEnabled":true,"takesScreenshot":true,"handlesAlerts":false,"databaseEnabled":false,"locationContextEnabled":false,"applicationCacheEnabled":false,"browserConnectionEnabled":false,"cssSelectorsEnabled":true,"webStorageEnabled":false,"rotatable":false,"acceptSslCerts":false,"nativeEvents":true,"proxy":{"proxyType":"direct"}}
[INFO  - 2017-06-18T14:03:29.338Z] SessionManagerReqHand - _postNewSessionCommand - New Session Created: e7dcde50-542e-11e7-8017-316b85e84ccd
[INFO  - 2017-06-18T14:03:46.622Z] ShutdownReqHand - _handle - About to shutdown
[INFO  - 2017-06-18T14:28:01.629Z] GhostDriver - Main - running on port 10661
[INFO  - 2017-06-18T14:28:01.883Z] Session [55918e70-5432-11e7-9460-4d99ee793d55] - page.settings - {"XSSAuditingEnabled":false,"javascriptCanCloseWindows":true,"javascriptCanOpenWindows":true,"javascriptEnabled":true,"loadImages":true,"localToRemoteUrlAccessEnabled":false,"userAgent":"Mozilla/5.0 (Macintosh; Intel Mac OS X) AppleWebKit/538.1 (KHTML, like Gecko) PhantomJS/2.1.1 Safari/538.1","webSecurityEnabled":true}
[INFO  - 2017-06-18T14:28:01.883Z] Session [55918e70-5432-11e7-9460-4d99ee793d55] - page.customHeaders:  - {}
[INFO  - 2017-06-18T14:28:01.883Z] Session [55918e70-5432-11e7-9460-4d99ee793d55] - Session.negotiatedCapabilities - {"browserName":"phantomjs","version":"2.1.1","driverName":"ghostdriver","driverVersion":"1.2.0","platform":"mac-10.11 (El Capitan)-64bit","javascriptEnabled":true,"takesScreenshot":true,"handlesAlerts":false,"databaseEnabled":false,"locationContextEnabled":false,"applicationCacheEnabled":false,"browserConnectionEnabled":false,"cssSelectorsEnabled":true,"webStorageEnabled":false,"rotatable":false,"acceptSslCerts":false,"nativeEvents":true,"proxy":{"proxyType":"direct"}}
[INFO  - 2017-06-18T14:28:01.883Z] SessionManagerReqHand - _postNewSessionCommand - New Session Created: 55918e70-5432-11e7-9460-4d99ee793d55
[INFO  - 2017-06-18T14:30:26.190Z] GhostDriver - Main - running on port 16239
[INFO  - 2017-06-18T14:30:26.463Z] Session [abbeb6b0-5432-11e7-9f70-052e9b0cc6e6] - page.settings - {"XSSAuditingEnabled":false,"javascriptCanCloseWindows":true,"javascriptCanOpenWindows":true,"javascriptEnabled":true,"loadImages":true,"localToRemoteUrlAccessEnabled":false,"userAgent":"Mozilla/5.0 (Macintosh; Intel Mac OS X) AppleWebKit/538.1 (KHTML, like Gecko) PhantomJS/2.1.1 Safari/538.1","webSecurityEnabled":true}
[INFO  - 2017-06-18T14:30:26.463Z] Session [abbeb6b0-5432-11e7-9f70-052e9b0cc6e6] - page.customHeaders:  - {}
[INFO  - 2017-06-18T14:30:26.463Z] Session [abbeb6b0-5432-11e7-9f70-052e9b0cc6e6] - Session.negotiatedCapabilities - {"browserName":"phantomjs","version":"2.1.1","driverName":"ghostdriver","driverVersion":"1.2.0","platform":"mac-10.11 (El Capitan)-64bit","javascriptEnabled":true,"takesScreenshot":true,"handlesAlerts":false,"databaseEnabled":false,"locationContextEnabled":false,"applicationCacheEnabled":false,"browserConnectionEnabled":false,"cssSelectorsEnabled":true,"webStorageEnabled":false,"rotatable":false,"acceptSslCerts":false,"nativeEvents":true,"proxy":{"proxyType":"direct"}}
[INFO  - 2017-06-18T14:30:26.463Z] SessionManagerReqHand - _postNewSessionCommand - New Session Created: abbeb6b0-5432-11e7-9f70-052e9b0cc6e6
[INFO  - 2017-06-18T14:30:28.422Z] ShutdownReqHand - _handle - About to shutdown
[INFO  - 2017-06-18T14:36:14.394Z] GhostDriver - Main - running on port 26184
[INFO  - 2017-06-18T14:36:14.656Z] Session [7b4898b0-5433-11e7-8509-71cd80413b93] - page.settings - {"XSSAuditingEnabled":false,"javascriptCanCloseWindows":true,"javascriptCanOpenWindows":true,"javascriptEnabled":true,"loadImages":true,"localToRemoteUrlAccessEnabled":false,"userAgent":"Mozilla/5.0 (Macintosh; Intel Mac OS X) AppleWebKit/538.1 (KHTML, like Gecko) PhantomJS/2.1.1 Safari/538.1","webSecurityEnabled":true}
[INFO  - 2017-06-18T14:36:14.656Z] Session [7b4898b0-5433-11e7-8509-71cd80413b93] - page.customHeaders:  - {}
[INFO  - 2017-06-18T14:36:14.656Z] Session [7b4898b0-5433-11e7-8509-71cd80413b93] - Session.negotiatedCapabilities - {"browserName":"phantomjs","version":"2.1.1","driverName":"ghostdriver","driverVersion":"1.2.0","platform":"mac-10.11 (El Capitan)-64bit","javascriptEnabled":true,"takesScreenshot":true,"handlesAlerts":false,"databaseEnabled":false,"locationContextEnabled":false,"applicationCacheEnabled":false,"browserConnectionEnabled":false,"cssSelectorsEnabled":true,"webStorageEnabled":false,"rotatable":false,"acceptSslCerts":false,"nativeEvents":true,"proxy":{"proxyType":"direct"}}
[INFO  - 2017-06-18T14:36:14.656Z] SessionManagerReqHand - _postNewSessionCommand - New Session Created: 7b4898b0-5433-11e7-8509-71cd80413b93
[INFO  - 2017-06-18T14:36:15.878Z] ShutdownReqHand - _handle - About to shutdown
[INFO  - 2017-06-18T14:38:06.526Z] GhostDriver - Main - running on port 45648
[INFO  - 2017-06-18T14:38:06.805Z] Session [be212d00-5433-11e7-a4eb-1120dba65625] - page.settings - {"XSSAuditingEnabled":false,"javascriptCanCloseWindows":true,"javascriptCanOpenWindows":true,"javascriptEnabled":true,"loadImages":true,"localToRemoteUrlAccessEnabled":false,"userAgent":"Mozilla/5.0 (Macintosh; Intel Mac OS X) AppleWebKit/538.1 (KHTML, like Gecko) PhantomJS/2.1.1 Safari/538.1","webSecurityEnabled":true}
[INFO  - 2017-06-18T14:38:06.805Z] Session [be212d00-5433-11e7-a4eb-1120dba65625] - page.customHeaders:  - {}
[INFO  - 2017-06-18T14:38:06.805Z] Session [be212d00-5433-11e7-a4eb-1120dba65625] - Session.negotiatedCapabilities - {"browserName":"phantomjs","version":"2.1.1","driverName":"ghostdriver","driverVersion":"1.2.0","platform":"mac-10.11 (El Capitan)-64bit","javascriptEnabled":true,"takesScreenshot":true,"handlesAlerts":false,"databaseEnabled":false,"locationContextEnabled":false,"applicationCacheEnabled":false,"browserConnectionEnabled":false,"cssSelectorsEnabled":true,"webStorageEnabled":false,"rotatable":false,"acceptSslCerts":false,"nativeEvents":true,"proxy":{"proxyType":"direct"}}
[INFO  - 2017-06-18T14:38:06.805Z] SessionManagerReqHand - _postNewSessionCommand - New Session Created: be212d00-5433-11e7-a4eb-1120dba65625
[INFO  - 2017-06-18T14:38:08.028Z] ShutdownReqHand - _handle - About to shutdown
[INFO  - 2017-06-18T14:45:46.643Z] GhostDriver - Main - running on port 34664
[INFO  - 2017-06-18T14:45:46.924Z] Session [d061c370-5434-11e7-a2f8-7933fae6d1fa] - page.settings - {"XSSAuditingEnabled":false,"javascriptCanCloseWindows":true,"javascriptCanOpenWindows":true,"javascriptEnabled":true,"loadImages":true,"localToRemoteUrlAccessEnabled":false,"userAgent":"Mozilla/5.0 (Macintosh; Intel Mac OS X) AppleWebKit/538.1 (KHTML, like Gecko) PhantomJS/2.1.1 Safari/538.1","webSecurityEnabled":true}
[INFO  - 2017-06-18T14:45:46.924Z] Session [d061c370-5434-11e7-a2f8-7933fae6d1fa] - page.customHeaders:  - {}
[INFO  - 2017-06-18T14:45:46.924Z] Session [d061c370-5434-11e7-a2f8-7933fae6d1fa] - Session.negotiatedCapabilities - {"browserName":"phantomjs","version":"2.1.1","driverName":"ghostdriver","driverVersion":"1.2.0","platform":"mac-10.11 (El Capitan)-64bit","javascriptEnabled":true,"takesScreenshot":true,"handlesAlerts":false,"databaseEnabled":false,"locationContextEnabled":false,"applicationCacheEnabled":false,"browserConnectionEnabled":false,"cssSelectorsEnabled":true,"webStorageEnabled":false,"rotatable":false,"acceptSslCerts":false,"nativeEvents":true,"proxy":{"proxyType":"direct"}}
[INFO  - 2017-06-18T14:45:46.924Z] SessionManagerReqHand - _postNewSessionCommand - New Session Created: d061c370-5434-11e7-a2f8-7933fae6d1fa
[INFO  - 2017-06-18T14:45:49.114Z] ShutdownReqHand - _handle - About to shutdown
[INFO  - 2017-06-18T14:46:27.575Z] GhostDriver - Main - running on port 33605
[INFO  - 2017-06-18T14:46:27.842Z] Session [e8c55ad0-5434-11e7-b29a-9ba9e8c3b436] - page.settings - {"XSSAuditingEnabled":false,"javascriptCanCloseWindows":true,"javascriptCanOpenWindows":true,"javascriptEnabled":true,"loadImages":true,"localToRemoteUrlAccessEnabled":false,"userAgent":"Mozilla/5.0 (Macintosh; Intel Mac OS X) AppleWebKit/538.1 (KHTML, like Gecko) PhantomJS/2.1.1 Safari/538.1","webSecurityEnabled":true}
[INFO  - 2017-06-18T14:46:27.842Z] Session [e8c55ad0-5434-11e7-b29a-9ba9e8c3b436] - page.customHeaders:  - {}
[INFO  - 2017-06-18T14:46:27.842Z] Session [e8c55ad0-5434-11e7-b29a-9ba9e8c3b436] - Session.negotiatedCapabilities - {"browserName":"phantomjs","version":"2.1.1","driverName":"ghostdriver","driverVersion":"1.2.0","platform":"mac-10.11 (El Capitan)-64bit","javascriptEnabled":true,"takesScreenshot":true,"handlesAlerts":false,"databaseEnabled":false,"locationContextEnabled":false,"applicationCacheEnabled":false,"browserConnectionEnabled":false,"cssSelectorsEnabled":true,"webStorageEnabled":false,"rotatable":false,"acceptSslCerts":false,"nativeEvents":true,"proxy":{"proxyType":"direct"}}
[INFO  - 2017-06-18T14:46:27.842Z] SessionManagerReqHand - _postNewSessionCommand - New Session Created: e8c55ad0-5434-11e7-b29a-9ba9e8c3b436
[INFO  - 2017-06-18T14:46:30.308Z] ShutdownReqHand - _handle - About to shutdown
[INFO  - 2017-06-18T14:48:37.066Z] GhostDriver - Main - running on port 16998
[INFO  - 2017-06-18T14:48:37.340Z] Session [35f55580-5435-11e7-b761-b134610abea8] - page.settings - {"XSSAuditingEnabled":false,"javascriptCanCloseWindows":true,"javascriptCanOpenWindows":true,"javascriptEnabled":true,"loadImages":true,"localToRemoteUrlAccessEnabled":false,"userAgent":"Mozilla/5.0 (Macintosh; Intel Mac OS X) AppleWebKit/538.1 (KHTML, like Gecko) PhantomJS/2.1.1 Safari/538.1","webSecurityEnabled":true}
[INFO  - 2017-06-18T14:48:37.340Z] Session [35f55580-5435-11e7-b761-b134610abea8] - page.customHeaders:  - {}
[INFO  - 2017-06-18T14:48:37.340Z] Session [35f55580-5435-11e7-b761-b134610abea8] - Session.negotiatedCapabilities - {"browserName":"phantomjs","version":"2.1.1","driverName":"ghostdriver","driverVersion":"1.2.0","platform":"mac-10.11 (El Capitan)-64bit","javascriptEnabled":true,"takesScreenshot":true,"handlesAlerts":false,"databaseEnabled":false,"locationContextEnabled":false,"applicationCacheEnabled":false,"browserConnectionEnabled":false,"cssSelectorsEnabled":true,"webStorageEnabled":false,"rotatable":false,"acceptSslCerts":false,"nativeEvents":true,"proxy":{"proxyType":"direct"}}
[INFO  - 2017-06-18T14:48:37.340Z] SessionManagerReqHand - _postNewSessionCommand - New Session Created: 35f55580-5435-11e7-b761-b134610abea8
[INFO  - 2017-06-18T14:50:21.046Z] GhostDriver - Main - running on port 16740
[INFO  - 2017-06-18T14:50:21.283Z] Session [73e99fe0-5435-11e7-b1f3-7b8a49477142] - page.settings - {"XSSAuditingEnabled":false,"javascriptCanCloseWindows":true,"javascriptCanOpenWindows":true,"javascriptEnabled":true,"loadImages":true,"localToRemoteUrlAccessEnabled":false,"userAgent":"Mozilla/5.0 (Macintosh; Intel Mac OS X) AppleWebKit/538.1 (KHTML, like Gecko) PhantomJS/2.1.1 Safari/538.1","webSecurityEnabled":true}
[INFO  - 2017-06-18T14:50:21.283Z] Session [73e99fe0-5435-11e7-b1f3-7b8a49477142] - page.customHeaders:  - {}
[INFO  - 2017-06-18T14:50:21.283Z] Session [73e99fe0-5435-11e7-b1f3-7b8a49477142] - Session.negotiatedCapabilities - {"browserName":"phantomjs","version":"2.1.1","driverName":"ghostdriver","driverVersion":"1.2.0","platform":"mac-10.11 (El Capitan)-64bit","javascriptEnabled":true,"takesScreenshot":true,"handlesAlerts":false,"databaseEnabled":false,"locationContextEnabled":false,"applicationCacheEnabled":false,"browserConnectionEnabled":false,"cssSelectorsEnabled":true,"webStorageEnabled":false,"rotatable":false,"acceptSslCerts":false,"nativeEvents":true,"proxy":{"proxyType":"direct"}}
[INFO  - 2017-06-18T14:50:21.283Z] SessionManagerReqHand - _postNewSessionCommand - New Session Created: 73e99fe0-5435-11e7-b1f3-7b8a49477142
[INFO  - 2017-06-18T14:50:22.978Z] ShutdownReqHand - _handle - About to shutdown
[INFO  - 2017-06-18T15:22:08.880Z] GhostDriver - Main - running on port 18534
[INFO  - 2017-06-18T15:22:09.133Z] Session [e5149590-5439-11e7-83b3-534b6c9801fc] - page.settings - {"XSSAuditingEnabled":false,"javascriptCanCloseWindows":true,"javascriptCanOpenWindows":true,"javascriptEnabled":true,"loadImages":true,"localToRemoteUrlAccessEnabled":false,"userAgent":"Mozilla/5.0 (Macintosh; Intel Mac OS X) AppleWebKit/538.1 (KHTML, like Gecko) PhantomJS/2.1.1 Safari/538.1","webSecurityEnabled":true}
[INFO  - 2017-06-18T15:22:09.133Z] Session [e5149590-5439-11e7-83b3-534b6c9801fc] - page.customHeaders:  - {}
[INFO  - 2017-06-18T15:22:09.133Z] Session [e5149590-5439-11e7-83b3-534b6c9801fc] - Session.negotiatedCapabilities - {"browserName":"phantomjs","version":"2.1.1","driverName":"ghostdriver","driverVersion":"1.2.0","platform":"mac-10.11 (El Capitan)-64bit","javascriptEnabled":true,"takesScreenshot":true,"handlesAlerts":false,"databaseEnabled":false,"locationContextEnabled":false,"applicationCacheEnabled":false,"browserConnectionEnabled":false,"cssSelectorsEnabled":true,"webStorageEnabled":false,"rotatable":false,"acceptSslCerts":false,"nativeEvents":true,"proxy":{"proxyType":"direct"}}
[INFO  - 2017-06-18T15:22:09.134Z] SessionManagerReqHand - _postNewSessionCommand - New Session Created: e5149590-5439-11e7-83b3-534b6c9801fc
[INFO  - 2017-06-18T15:22:11.547Z] ShutdownReqHand - _handle - About to shutdown
[INFO  - 2017-06-18T15:24:20.630Z] GhostDriver - Main - running on port 6824
[INFO  - 2017-06-18T15:24:20.891Z] Session [339d1b60-543a-11e7-a5b3-052f628bd4f4] - page.settings - {"XSSAuditingEnabled":false,"javascriptCanCloseWindows":true,"javascriptCanOpenWindows":true,"javascriptEnabled":true,"loadImages":true,"localToRemoteUrlAccessEnabled":false,"userAgent":"Mozilla/5.0 (Macintosh; Intel Mac OS X) AppleWebKit/538.1 (KHTML, like Gecko) PhantomJS/2.1.1 Safari/538.1","webSecurityEnabled":true}
[INFO  - 2017-06-18T15:24:20.891Z] Session [339d1b60-543a-11e7-a5b3-052f628bd4f4] - page.customHeaders:  - {}
[INFO  - 2017-06-18T15:24:20.891Z] Session [339d1b60-543a-11e7-a5b3-052f628bd4f4] - Session.negotiatedCapabilities - {"browserName":"phantomjs","version":"2.1.1","driverName":"ghostdriver","driverVersion":"1.2.0","platform":"mac-10.11 (El Capitan)-64bit","javascriptEnabled":true,"takesScreenshot":true,"handlesAlerts":false,"databaseEnabled":false,"locationContextEnabled":false,"applicationCacheEnabled":false,"browserConnectionEnabled":false,"cssSelectorsEnabled":true,"webStorageEnabled":false,"rotatable":false,"acceptSslCerts":false,"nativeEvents":true,"proxy":{"proxyType":"direct"}}
[INFO  - 2017-06-18T15:24:20.891Z] SessionManagerReqHand - _postNewSessionCommand - New Session Created: 339d1b60-543a-11e7-a5b3-052f628bd4f4
[INFO  - 2017-06-18T15:24:23.553Z] ShutdownReqHand - _handle - About to shutdown
[INFO  - 2017-06-18T15:34:31.781Z] GhostDriver - Main - running on port 7983
[INFO  - 2017-06-18T15:34:32.047Z] Session [9fe41ca0-543b-11e7-ae38-91256a37ac7a] - page.settings - {"XSSAuditingEnabled":false,"javascriptCanCloseWindows":true,"javascriptCanOpenWindows":true,"javascriptEnabled":true,"loadImages":true,"localToRemoteUrlAccessEnabled":false,"userAgent":"Mozilla/5.0 (Macintosh; Intel Mac OS X) AppleWebKit/538.1 (KHTML, like Gecko) PhantomJS/2.1.1 Safari/538.1","webSecurityEnabled":true}
[INFO  - 2017-06-18T15:34:32.047Z] Session [9fe41ca0-543b-11e7-ae38-91256a37ac7a] - page.customHeaders:  - {}
[INFO  - 2017-06-18T15:34:32.047Z] Session [9fe41ca0-543b-11e7-ae38-91256a37ac7a] - Session.negotiatedCapabilities - {"browserName":"phantomjs","version":"2.1.1","driverName":"ghostdriver","driverVersion":"1.2.0","platform":"mac-10.11 (El Capitan)-64bit","javascriptEnabled":true,"takesScreenshot":true,"handlesAlerts":false,"databaseEnabled":false,"locationContextEnabled":false,"applicationCacheEnabled":false,"browserConnectionEnabled":false,"cssSelectorsEnabled":true,"webStorageEnabled":false,"rotatable":false,"acceptSslCerts":false,"nativeEvents":true,"proxy":{"proxyType":"direct"}}
[INFO  - 2017-06-18T15:34:32.047Z] SessionManagerReqHand - _postNewSessionCommand - New Session Created: 9fe41ca0-543b-11e7-ae38-91256a37ac7a
[INFO  - 2017-06-18T15:34:36.935Z] ShutdownReqHand - _handle - About to shutdown
[INFO  - 2017-06-18T15:47:10.310Z] GhostDriver - Main - running on port 43368
[INFO  - 2017-06-18T15:47:10.575Z] Session [64024ca0-543d-11e7-800c-65d1e12d8e91] - page.settings - {"XSSAuditingEnabled":false,"javascriptCanCloseWindows":true,"javascriptCanOpenWindows":true,"javascriptEnabled":true,"loadImages":true,"localToRemoteUrlAccessEnabled":false,"userAgent":"Mozilla/5.0 (Macintosh; Intel Mac OS X) AppleWebKit/538.1 (KHTML, like Gecko) PhantomJS/2.1.1 Safari/538.1","webSecurityEnabled":true}
[INFO  - 2017-06-18T15:47:10.575Z] Session [64024ca0-543d-11e7-800c-65d1e12d8e91] - page.customHeaders:  - {}
[INFO  - 2017-06-18T15:47:10.575Z] Session [64024ca0-543d-11e7-800c-65d1e12d8e91] - Session.negotiatedCapabilities - {"browserName":"phantomjs","version":"2.1.1","driverName":"ghostdriver","driverVersion":"1.2.0","platform":"mac-10.11 (El Capitan)-64bit","javascriptEnabled":true,"takesScreenshot":true,"handlesAlerts":false,"databaseEnabled":false,"locationContextEnabled":false,"applicationCacheEnabled":false,"browserConnectionEnabled":false,"cssSelectorsEnabled":true,"webStorageEnabled":false,"rotatable":false,"acceptSslCerts":false,"nativeEvents":true,"proxy":{"proxyType":"direct"}}
[INFO  - 2017-06-18T15:47:10.576Z] SessionManagerReqHand - _postNewSessionCommand - New Session Created: 64024ca0-543d-11e7-800c-65d1e12d8e91
[INFO  - 2017-06-18T15:47:28.613Z] ShutdownReqHand - _handle - About to shutdown
[INFO  - 2017-06-18T15:48:19.888Z] GhostDriver - Main - running on port 30264
[INFO  - 2017-06-18T15:48:20.160Z] Session [8d7bf9a0-543d-11e7-9656-0353e8f11269] - page.settings - {"XSSAuditingEnabled":false,"javascriptCanCloseWindows":true,"javascriptCanOpenWindows":true,"javascriptEnabled":true,"loadImages":true,"localToRemoteUrlAccessEnabled":false,"userAgent":"Mozilla/5.0 (Macintosh; Intel Mac OS X) AppleWebKit/538.1 (KHTML, like Gecko) PhantomJS/2.1.1 Safari/538.1","webSecurityEnabled":true}
[INFO  - 2017-06-18T15:48:20.160Z] Session [8d7bf9a0-543d-11e7-9656-0353e8f11269] - page.customHeaders:  - {}
[INFO  - 2017-06-18T15:48:20.160Z] Session [8d7bf9a0-543d-11e7-9656-0353e8f11269] - Session.negotiatedCapabilities - {"browserName":"phantomjs","version":"2.1.1","driverName":"ghostdriver","driverVersion":"1.2.0","platform":"mac-10.11 (El Capitan)-64bit","javascriptEnabled":true,"takesScreenshot":true,"handlesAlerts":false,"databaseEnabled":false,"locationContextEnabled":false,"applicationCacheEnabled":false,"browserConnectionEnabled":false,"cssSelectorsEnabled":true,"webStorageEnabled":false,"rotatable":false,"acceptSslCerts":false,"nativeEvents":true,"proxy":{"proxyType":"direct"}}
[INFO  - 2017-06-18T15:48:20.160Z] SessionManagerReqHand - _postNewSessionCommand - New Session Created: 8d7bf9a0-543d-11e7-9656-0353e8f11269
[INFO  - 2017-06-18T15:48:36.478Z] ShutdownReqHand - _handle - About to shutdown
[INFO  - 2017-06-18T15:51:59.097Z] GhostDriver - Main - running on port 44200
[INFO  - 2017-06-18T15:51:59.367Z] Session [10249d30-543e-11e7-a2c0-c3c23ad0be44] - page.settings - {"XSSAuditingEnabled":false,"javascriptCanCloseWindows":true,"javascriptCanOpenWindows":true,"javascriptEnabled":true,"loadImages":true,"localToRemoteUrlAccessEnabled":false,"userAgent":"Mozilla/5.0 (Macintosh; Intel Mac OS X) AppleWebKit/538.1 (KHTML, like Gecko) PhantomJS/2.1.1 Safari/538.1","webSecurityEnabled":true}
[INFO  - 2017-06-18T15:51:59.367Z] Session [10249d30-543e-11e7-a2c0-c3c23ad0be44] - page.customHeaders:  - {}
[INFO  - 2017-06-18T15:51:59.367Z] Session [10249d30-543e-11e7-a2c0-c3c23ad0be44] - Session.negotiatedCapabilities - {"browserName":"phantomjs","version":"2.1.1","driverName":"ghostdriver","driverVersion":"1.2.0","platform":"mac-10.11 (El Capitan)-64bit","javascriptEnabled":true,"takesScreenshot":true,"handlesAlerts":false,"databaseEnabled":false,"locationContextEnabled":false,"applicationCacheEnabled":false,"browserConnectionEnabled":false,"cssSelectorsEnabled":true,"webStorageEnabled":false,"rotatable":false,"acceptSslCerts":false,"nativeEvents":true,"proxy":{"proxyType":"direct"}}
[INFO  - 2017-06-18T15:51:59.368Z] SessionManagerReqHand - _postNewSessionCommand - New Session Created: 10249d30-543e-11e7-a2c0-c3c23ad0be44
[INFO  - 2017-06-18T15:52:15.836Z] ShutdownReqHand - _handle - About to shutdown
[INFO  - 2017-06-18T15:55:31.511Z] GhostDriver - Main - running on port 33826
[INFO  - 2017-06-18T15:55:31.763Z] Session [8ebd84e0-543e-11e7-943b-5bbd8e091c20] - page.settings - {"XSSAuditingEnabled":false,"javascriptCanCloseWindows":true,"javascriptCanOpenWindows":true,"javascriptEnabled":true,"loadImages":true,"localToRemoteUrlAccessEnabled":false,"userAgent":"Mozilla/5.0 (Macintosh; Intel Mac OS X) AppleWebKit/538.1 (KHTML, like Gecko) PhantomJS/2.1.1 Safari/538.1","webSecurityEnabled":true}
[INFO  - 2017-06-18T15:55:31.763Z] Session [8ebd84e0-543e-11e7-943b-5bbd8e091c20] - page.customHeaders:  - {}
[INFO  - 2017-06-18T15:55:31.763Z] Session [8ebd84e0-543e-11e7-943b-5bbd8e091c20] - Session.negotiatedCapabilities - {"browserName":"phantomjs","version":"2.1.1","driverName":"ghostdriver","driverVersion":"1.2.0","platform":"mac-10.11 (El Capitan)-64bit","javascriptEnabled":true,"takesScreenshot":true,"handlesAlerts":false,"databaseEnabled":false,"locationContextEnabled":false,"applicationCacheEnabled":false,"browserConnectionEnabled":false,"cssSelectorsEnabled":true,"webStorageEnabled":false,"rotatable":false,"acceptSslCerts":false,"nativeEvents":true,"proxy":{"proxyType":"direct"}}
[INFO  - 2017-06-18T15:55:31.763Z] SessionManagerReqHand - _postNewSessionCommand - New Session Created: 8ebd84e0-543e-11e7-943b-5bbd8e091c20
[INFO  - 2017-06-18T15:55:48.552Z] ShutdownReqHand - _handle - About to shutdown
[INFO  - 2017-06-18T15:56:28.483Z] GhostDriver - Main - running on port 45008
[INFO  - 2017-06-18T15:56:28.745Z] Session [b0b46f50-543e-11e7-99be-9b0dc557f24b] - page.settings - {"XSSAuditingEnabled":false,"javascriptCanCloseWindows":true,"javascriptCanOpenWindows":true,"javascriptEnabled":true,"loadImages":true,"localToRemoteUrlAccessEnabled":false,"userAgent":"Mozilla/5.0 (Macintosh; Intel Mac OS X) AppleWebKit/538.1 (KHTML, like Gecko) PhantomJS/2.1.1 Safari/538.1","webSecurityEnabled":true}
[INFO  - 2017-06-18T15:56:28.746Z] Session [b0b46f50-543e-11e7-99be-9b0dc557f24b] - page.customHeaders:  - {}
[INFO  - 2017-06-18T15:56:28.746Z] Session [b0b46f50-543e-11e7-99be-9b0dc557f24b] - Session.negotiatedCapabilities - {"browserName":"phantomjs","version":"2.1.1","driverName":"ghostdriver","driverVersion":"1.2.0","platform":"mac-10.11 (El Capitan)-64bit","javascriptEnabled":true,"takesScreenshot":true,"handlesAlerts":false,"databaseEnabled":false,"locationContextEnabled":false,"applicationCacheEnabled":false,"browserConnectionEnabled":false,"cssSelectorsEnabled":true,"webStorageEnabled":false,"rotatable":false,"acceptSslCerts":false,"nativeEvents":true,"proxy":{"proxyType":"direct"}}
[INFO  - 2017-06-18T15:56:28.746Z] SessionManagerReqHand - _postNewSessionCommand - New Session Created: b0b46f50-543e-11e7-99be-9b0dc557f24b
[INFO  - 2017-06-18T15:56:45.453Z] ShutdownReqHand - _handle - About to shutdown
[INFO  - 2017-06-18T16:02:29.835Z] GhostDriver - Main - running on port 16834
[INFO  - 2017-06-18T16:02:30.071Z] Session [88126830-543f-11e7-8108-e71c6b561505] - page.settings - {"XSSAuditingEnabled":false,"javascriptCanCloseWindows":true,"javascriptCanOpenWindows":true,"javascriptEnabled":true,"loadImages":true,"localToRemoteUrlAccessEnabled":false,"userAgent":"Mozilla/5.0 (Macintosh; Intel Mac OS X) AppleWebKit/538.1 (KHTML, like Gecko) PhantomJS/2.1.1 Safari/538.1","webSecurityEnabled":true}
[INFO  - 2017-06-18T16:02:30.072Z] Session [88126830-543f-11e7-8108-e71c6b561505] - page.customHeaders:  - {}
[INFO  - 2017-06-18T16:02:30.072Z] Session [88126830-543f-11e7-8108-e71c6b561505] - Session.negotiatedCapabilities - {"browserName":"phantomjs","version":"2.1.1","driverName":"ghostdriver","driverVersion":"1.2.0","platform":"mac-10.11 (El Capitan)-64bit","javascriptEnabled":true,"takesScreenshot":true,"handlesAlerts":false,"databaseEnabled":false,"locationContextEnabled":false,"applicationCacheEnabled":false,"browserConnectionEnabled":false,"cssSelectorsEnabled":true,"webStorageEnabled":false,"rotatable":false,"acceptSslCerts":false,"nativeEvents":true,"proxy":{"proxyType":"direct"}}
[INFO  - 2017-06-18T16:02:30.072Z] SessionManagerReqHand - _postNewSessionCommand - New Session Created: 88126830-543f-11e7-8108-e71c6b561505
[INFO  - 2017-06-18T16:02:46.532Z] ShutdownReqHand - _handle - About to shutdown
[INFO  - 2017-06-18T16:03:45.833Z] GhostDriver - Main - running on port 26136
[INFO  - 2017-06-18T16:03:46.276Z] Session [b57de8d0-543f-11e7-a2af-b743768f9785] - page.settings - {"XSSAuditingEnabled":false,"javascriptCanCloseWindows":true,"javascriptCanOpenWindows":true,"javascriptEnabled":true,"loadImages":true,"localToRemoteUrlAccessEnabled":false,"userAgent":"Mozilla/5.0 (Macintosh; Intel Mac OS X) AppleWebKit/538.1 (KHTML, like Gecko) PhantomJS/2.1.1 Safari/538.1","webSecurityEnabled":true}
[INFO  - 2017-06-18T16:03:46.277Z] Session [b57de8d0-543f-11e7-a2af-b743768f9785] - page.customHeaders:  - {}
[INFO  - 2017-06-18T16:03:46.277Z] Session [b57de8d0-543f-11e7-a2af-b743768f9785] - Session.negotiatedCapabilities - {"browserName":"phantomjs","version":"2.1.1","driverName":"ghostdriver","driverVersion":"1.2.0","platform":"mac-10.11 (El Capitan)-64bit","javascriptEnabled":true,"takesScreenshot":true,"handlesAlerts":false,"databaseEnabled":false,"locationContextEnabled":false,"applicationCacheEnabled":false,"browserConnectionEnabled":false,"cssSelectorsEnabled":true,"webStorageEnabled":false,"rotatable":false,"acceptSslCerts":false,"nativeEvents":true,"proxy":{"proxyType":"direct"}}
[INFO  - 2017-06-18T16:03:46.277Z] SessionManagerReqHand - _postNewSessionCommand - New Session Created: b57de8d0-543f-11e7-a2af-b743768f9785
[INFO  - 2017-06-18T16:04:03.382Z] ShutdownReqHand - _handle - About to shutdown
[INFO  - 2017-06-18T16:06:50.677Z] GhostDriver - Main - running on port 19183
[INFO  - 2017-06-18T16:06:50.945Z] Session [239077c0-5440-11e7-ba0d-4bb27b255d45] - page.settings - {"XSSAuditingEnabled":false,"javascriptCanCloseWindows":true,"javascriptCanOpenWindows":true,"javascriptEnabled":true,"loadImages":true,"localToRemoteUrlAccessEnabled":false,"userAgent":"Mozilla/5.0 (Macintosh; Intel Mac OS X) AppleWebKit/538.1 (KHTML, like Gecko) PhantomJS/2.1.1 Safari/538.1","webSecurityEnabled":true}
[INFO  - 2017-06-18T16:06:50.945Z] Session [239077c0-5440-11e7-ba0d-4bb27b255d45] - page.customHeaders:  - {}
[INFO  - 2017-06-18T16:06:50.945Z] Session [239077c0-5440-11e7-ba0d-4bb27b255d45] - Session.negotiatedCapabilities - {"browserName":"phantomjs","version":"2.1.1","driverName":"ghostdriver","driverVersion":"1.2.0","platform":"mac-10.11 (El Capitan)-64bit","javascriptEnabled":true,"takesScreenshot":true,"handlesAlerts":false,"databaseEnabled":false,"locationContextEnabled":false,"applicationCacheEnabled":false,"browserConnectionEnabled":false,"cssSelectorsEnabled":true,"webStorageEnabled":false,"rotatable":false,"acceptSslCerts":false,"nativeEvents":true,"proxy":{"proxyType":"direct"}}
[INFO  - 2017-06-18T16:06:50.945Z] SessionManagerReqHand - _postNewSessionCommand - New Session Created: 239077c0-5440-11e7-ba0d-4bb27b255d45
[INFO  - 2017-06-18T16:07:04.490Z] ShutdownReqHand - _handle - About to shutdown
[INFO  - 2017-06-18T16:07:45.413Z] GhostDriver - Main - running on port 28642
[INFO  - 2017-06-18T16:07:45.678Z] Session [44300f90-5440-11e7-8e2c-5d9c033b6dbe] - page.settings - {"XSSAuditingEnabled":false,"javascriptCanCloseWindows":true,"javascriptCanOpenWindows":true,"javascriptEnabled":true,"loadImages":true,"localToRemoteUrlAccessEnabled":false,"userAgent":"Mozilla/5.0 (Macintosh; Intel Mac OS X) AppleWebKit/538.1 (KHTML, like Gecko) PhantomJS/2.1.1 Safari/538.1","webSecurityEnabled":true}
[INFO  - 2017-06-18T16:07:45.678Z] Session [44300f90-5440-11e7-8e2c-5d9c033b6dbe] - page.customHeaders:  - {}
[INFO  - 2017-06-18T16:07:45.678Z] Session [44300f90-5440-11e7-8e2c-5d9c033b6dbe] - Session.negotiatedCapabilities - {"browserName":"phantomjs","version":"2.1.1","driverName":"ghostdriver","driverVersion":"1.2.0","platform":"mac-10.11 (El Capitan)-64bit","javascriptEnabled":true,"takesScreenshot":true,"handlesAlerts":false,"databaseEnabled":false,"locationContextEnabled":false,"applicationCacheEnabled":false,"browserConnectionEnabled":false,"cssSelectorsEnabled":true,"webStorageEnabled":false,"rotatable":false,"acceptSslCerts":false,"nativeEvents":true,"proxy":{"proxyType":"direct"}}
[INFO  - 2017-06-18T16:07:45.678Z] SessionManagerReqHand - _postNewSessionCommand - New Session Created: 44300f90-5440-11e7-8e2c-5d9c033b6dbe
[INFO  - 2017-06-18T16:07:49.749Z] ShutdownReqHand - _handle - About to shutdown
[INFO  - 2017-06-18T16:10:19.801Z] GhostDriver - Main - running on port 2419
[INFO  - 2017-06-18T16:10:20.048Z] Session [a0330db0-5440-11e7-b26d-b3211a877582] - page.settings - {"XSSAuditingEnabled":false,"javascriptCanCloseWindows":true,"javascriptCanOpenWindows":true,"javascriptEnabled":true,"loadImages":true,"localToRemoteUrlAccessEnabled":false,"userAgent":"Mozilla/5.0 (Macintosh; Intel Mac OS X) AppleWebKit/538.1 (KHTML, like Gecko) PhantomJS/2.1.1 Safari/538.1","webSecurityEnabled":true}
[INFO  - 2017-06-18T16:10:20.048Z] Session [a0330db0-5440-11e7-b26d-b3211a877582] - page.customHeaders:  - {}
[INFO  - 2017-06-18T16:10:20.048Z] Session [a0330db0-5440-11e7-b26d-b3211a877582] - Session.negotiatedCapabilities - {"browserName":"phantomjs","version":"2.1.1","driverName":"ghostdriver","driverVersion":"1.2.0","platform":"mac-10.11 (El Capitan)-64bit","javascriptEnabled":true,"takesScreenshot":true,"handlesAlerts":false,"databaseEnabled":false,"locationContextEnabled":false,"applicationCacheEnabled":false,"browserConnectionEnabled":false,"cssSelectorsEnabled":true,"webStorageEnabled":false,"rotatable":false,"acceptSslCerts":false,"nativeEvents":true,"proxy":{"proxyType":"direct"}}
[INFO  - 2017-06-18T16:10:20.048Z] SessionManagerReqHand - _postNewSessionCommand - New Session Created: a0330db0-5440-11e7-b26d-b3211a877582
[INFO  - 2017-06-18T16:10:24.164Z] ShutdownReqHand - _handle - About to shutdown
[INFO  - 2017-06-18T16:11:06.038Z] GhostDriver - Main - running on port 27092
[INFO  - 2017-06-18T16:11:06.304Z] Session [bbc528b0-5440-11e7-a47d-fdbd352c0e12] - page.settings - {"XSSAuditingEnabled":false,"javascriptCanCloseWindows":true,"javascriptCanOpenWindows":true,"javascriptEnabled":true,"loadImages":true,"localToRemoteUrlAccessEnabled":false,"userAgent":"Mozilla/5.0 (Macintosh; Intel Mac OS X) AppleWebKit/538.1 (KHTML, like Gecko) PhantomJS/2.1.1 Safari/538.1","webSecurityEnabled":true}
[INFO  - 2017-06-18T16:11:06.304Z] Session [bbc528b0-5440-11e7-a47d-fdbd352c0e12] - page.customHeaders:  - {}
[INFO  - 2017-06-18T16:11:06.305Z] Session [bbc528b0-5440-11e7-a47d-fdbd352c0e12] - Session.negotiatedCapabilities - {"browserName":"phantomjs","version":"2.1.1","driverName":"ghostdriver","driverVersion":"1.2.0","platform":"mac-10.11 (El Capitan)-64bit","javascriptEnabled":true,"takesScreenshot":true,"handlesAlerts":false,"databaseEnabled":false,"locationContextEnabled":false,"applicationCacheEnabled":false,"browserConnectionEnabled":false,"cssSelectorsEnabled":true,"webStorageEnabled":false,"rotatable":false,"acceptSslCerts":false,"nativeEvents":true,"proxy":{"proxyType":"direct"}}
[INFO  - 2017-06-18T16:11:06.305Z] SessionManagerReqHand - _postNewSessionCommand - New Session Created: bbc528b0-5440-11e7-a47d-fdbd352c0e12
[INFO  - 2017-06-18T16:11:10.381Z] ShutdownReqHand - _handle - About to shutdown
[INFO  - 2017-06-18T16:15:34.705Z] GhostDriver - Main - running on port 29725
[INFO  - 2017-06-18T16:15:34.962Z] Session [5be744e0-5441-11e7-b1c8-fb78b272b242] - page.settings - {"XSSAuditingEnabled":false,"javascriptCanCloseWindows":true,"javascriptCanOpenWindows":true,"javascriptEnabled":true,"loadImages":true,"localToRemoteUrlAccessEnabled":false,"userAgent":"Mozilla/5.0 (Macintosh; Intel Mac OS X) AppleWebKit/538.1 (KHTML, like Gecko) PhantomJS/2.1.1 Safari/538.1","webSecurityEnabled":true}
[INFO  - 2017-06-18T16:15:34.963Z] Session [5be744e0-5441-11e7-b1c8-fb78b272b242] - page.customHeaders:  - {}
[INFO  - 2017-06-18T16:15:34.963Z] Session [5be744e0-5441-11e7-b1c8-fb78b272b242] - Session.negotiatedCapabilities - {"browserName":"phantomjs","version":"2.1.1","driverName":"ghostdriver","driverVersion":"1.2.0","platform":"mac-10.11 (El Capitan)-64bit","javascriptEnabled":true,"takesScreenshot":true,"handlesAlerts":false,"databaseEnabled":false,"locationContextEnabled":false,"applicationCacheEnabled":false,"browserConnectionEnabled":false,"cssSelectorsEnabled":true,"webStorageEnabled":false,"rotatable":false,"acceptSslCerts":false,"nativeEvents":true,"proxy":{"proxyType":"direct"}}
[INFO  - 2017-06-18T16:15:34.963Z] SessionManagerReqHand - _postNewSessionCommand - New Session Created: 5be744e0-5441-11e7-b1c8-fb78b272b242
[ERROR - 2017-06-18T16:15:38.514Z] WebElementLocator - _handleLocateCommand - Element(s) NOT Found: GAVE UP. Search Stop Time: 1497802538469
[INFO  - 2017-06-18T16:15:39.903Z] ShutdownReqHand - _handle - About to shutdown
[INFO  - 2017-06-18T16:18:10.490Z] GhostDriver - Main - running on port 26333
[INFO  - 2017-06-18T16:18:10.746Z] Session [b8c1de50-5441-11e7-b8f9-1dd44eaffc67] - page.settings - {"XSSAuditingEnabled":false,"javascriptCanCloseWindows":true,"javascriptCanOpenWindows":true,"javascriptEnabled":true,"loadImages":true,"localToRemoteUrlAccessEnabled":false,"userAgent":"Mozilla/5.0 (Macintosh; Intel Mac OS X) AppleWebKit/538.1 (KHTML, like Gecko) PhantomJS/2.1.1 Safari/538.1","webSecurityEnabled":true}
[INFO  - 2017-06-18T16:18:10.746Z] Session [b8c1de50-5441-11e7-b8f9-1dd44eaffc67] - page.customHeaders:  - {}
[INFO  - 2017-06-18T16:18:10.746Z] Session [b8c1de50-5441-11e7-b8f9-1dd44eaffc67] - Session.negotiatedCapabilities - {"browserName":"phantomjs","version":"2.1.1","driverName":"ghostdriver","driverVersion":"1.2.0","platform":"mac-10.11 (El Capitan)-64bit","javascriptEnabled":true,"takesScreenshot":true,"handlesAlerts":false,"databaseEnabled":false,"locationContextEnabled":false,"applicationCacheEnabled":false,"browserConnectionEnabled":false,"cssSelectorsEnabled":true,"webStorageEnabled":false,"rotatable":false,"acceptSslCerts":false,"nativeEvents":true,"proxy":{"proxyType":"direct"}}
[INFO  - 2017-06-18T16:18:10.746Z] SessionManagerReqHand - _postNewSessionCommand - New Session Created: b8c1de50-5441-11e7-b8f9-1dd44eaffc67
[INFO  - 2017-06-18T16:18:14.496Z] ShutdownReqHand - _handle - About to shutdown
[INFO  - 2017-06-18T16:19:25.621Z] GhostDriver - Main - running on port 2790
[INFO  - 2017-06-18T16:19:25.882Z] Session [e58ab650-5441-11e7-b67b-4320f4e7adfb] - page.settings - {"XSSAuditingEnabled":false,"javascriptCanCloseWindows":true,"javascriptCanOpenWindows":true,"javascriptEnabled":true,"loadImages":true,"localToRemoteUrlAccessEnabled":false,"userAgent":"Mozilla/5.0 (Macintosh; Intel Mac OS X) AppleWebKit/538.1 (KHTML, like Gecko) PhantomJS/2.1.1 Safari/538.1","webSecurityEnabled":true}
[INFO  - 2017-06-18T16:19:25.882Z] Session [e58ab650-5441-11e7-b67b-4320f4e7adfb] - page.customHeaders:  - {}
[INFO  - 2017-06-18T16:19:25.882Z] Session [e58ab650-5441-11e7-b67b-4320f4e7adfb] - Session.negotiatedCapabilities - {"browserName":"phantomjs","version":"2.1.1","driverName":"ghostdriver","driverVersion":"1.2.0","platform":"mac-10.11 (El Capitan)-64bit","javascriptEnabled":true,"takesScreenshot":true,"handlesAlerts":false,"databaseEnabled":false,"locationContextEnabled":false,"applicationCacheEnabled":false,"browserConnectionEnabled":false,"cssSelectorsEnabled":true,"webStorageEnabled":false,"rotatable":false,"acceptSslCerts":false,"nativeEvents":true,"proxy":{"proxyType":"direct"}}
[INFO  - 2017-06-18T16:19:25.882Z] SessionManagerReqHand - _postNewSessionCommand - New Session Created: e58ab650-5441-11e7-b67b-4320f4e7adfb
[INFO  - 2017-06-18T16:19:30.248Z] ShutdownReqHand - _handle - About to shutdown
[INFO  - 2017-06-18T16:23:51.922Z] GhostDriver - Main - running on port 44819
[INFO  - 2017-06-18T16:23:52.181Z] Session [84448ff0-5442-11e7-90e0-dddfcdadc017] - page.settings - {"XSSAuditingEnabled":false,"javascriptCanCloseWindows":true,"javascriptCanOpenWindows":true,"javascriptEnabled":true,"loadImages":true,"localToRemoteUrlAccessEnabled":false,"userAgent":"Mozilla/5.0 (Macintosh; Intel Mac OS X) AppleWebKit/538.1 (KHTML, like Gecko) PhantomJS/2.1.1 Safari/538.1","webSecurityEnabled":true}
[INFO  - 2017-06-18T16:23:52.181Z] Session [84448ff0-5442-11e7-90e0-dddfcdadc017] - page.customHeaders:  - {}
[INFO  - 2017-06-18T16:23:52.181Z] Session [84448ff0-5442-11e7-90e0-dddfcdadc017] - Session.negotiatedCapabilities - {"browserName":"phantomjs","version":"2.1.1","driverName":"ghostdriver","driverVersion":"1.2.0","platform":"mac-10.11 (El Capitan)-64bit","javascriptEnabled":true,"takesScreenshot":true,"handlesAlerts":false,"databaseEnabled":false,"locationContextEnabled":false,"applicationCacheEnabled":false,"browserConnectionEnabled":false,"cssSelectorsEnabled":true,"webStorageEnabled":false,"rotatable":false,"acceptSslCerts":false,"nativeEvents":true,"proxy":{"proxyType":"direct"}}
[INFO  - 2017-06-18T16:23:52.181Z] SessionManagerReqHand - _postNewSessionCommand - New Session Created: 84448ff0-5442-11e7-90e0-dddfcdadc017
[ERROR - 2017-06-18T16:23:56.105Z] WebElementLocator - _handleLocateCommand - Element(s) NOT Found: GAVE UP. Search Stop Time: 1497803036084
[ERROR - 2017-06-18T16:23:57.199Z] WebElementLocator - _handleLocateCommand - Element(s) NOT Found: GAVE UP. Search Stop Time: 1497803037178
[ERROR - 2017-06-18T16:23:57.838Z] WebElementLocator - _handleLocateCommand - Element(s) NOT Found: GAVE UP. Search Stop Time: 1497803037817
[INFO  - 2017-06-18T16:23:58.305Z] ShutdownReqHand - _handle - About to shutdown
[INFO  - 2017-06-18T16:31:36.403Z] GhostDriver - Main - running on port 47114
[INFO  - 2017-06-18T16:31:36.655Z] Session [991dd2a0-5443-11e7-af17-f55148160cf9] - page.settings - {"XSSAuditingEnabled":false,"javascriptCanCloseWindows":true,"javascriptCanOpenWindows":true,"javascriptEnabled":true,"loadImages":true,"localToRemoteUrlAccessEnabled":false,"userAgent":"Mozilla/5.0 (Macintosh; Intel Mac OS X) AppleWebKit/538.1 (KHTML, like Gecko) PhantomJS/2.1.1 Safari/538.1","webSecurityEnabled":true}
[INFO  - 2017-06-18T16:31:36.655Z] Session [991dd2a0-5443-11e7-af17-f55148160cf9] - page.customHeaders:  - {}
[INFO  - 2017-06-18T16:31:36.655Z] Session [991dd2a0-5443-11e7-af17-f55148160cf9] - Session.negotiatedCapabilities - {"browserName":"phantomjs","version":"2.1.1","driverName":"ghostdriver","driverVersion":"1.2.0","platform":"mac-10.11 (El Capitan)-64bit","javascriptEnabled":true,"takesScreenshot":true,"handlesAlerts":false,"databaseEnabled":false,"locationContextEnabled":false,"applicationCacheEnabled":false,"browserConnectionEnabled":false,"cssSelectorsEnabled":true,"webStorageEnabled":false,"rotatable":false,"acceptSslCerts":false,"nativeEvents":true,"proxy":{"proxyType":"direct"}}
[INFO  - 2017-06-18T16:31:36.655Z] SessionManagerReqHand - _postNewSessionCommand - New Session Created: 991dd2a0-5443-11e7-af17-f55148160cf9
[ERROR - 2017-06-18T16:31:40.610Z] WebElementLocator - _handleLocateCommand - Element(s) NOT Found: GAVE UP. Search Stop Time: 1497803500591
[ERROR - 2017-06-18T16:31:41.717Z] WebElementLocator - _handleLocateCommand - Element(s) NOT Found: GAVE UP. Search Stop Time: 1497803501694
[ERROR - 2017-06-18T16:31:42.353Z] WebElementLocator - _handleLocateCommand - Element(s) NOT Found: GAVE UP. Search Stop Time: 1497803502333
[INFO  - 2017-06-18T16:31:42.791Z] ShutdownReqHand - _handle - About to shutdown
[INFO  - 2017-06-18T16:36:35.592Z] GhostDriver - Main - running on port 17635
[INFO  - 2017-06-18T16:36:35.841Z] Session [4b71d4b0-5444-11e7-8678-bbd7b7416f56] - page.settings - {"XSSAuditingEnabled":false,"javascriptCanCloseWindows":true,"javascriptCanOpenWindows":true,"javascriptEnabled":true,"loadImages":true,"localToRemoteUrlAccessEnabled":false,"userAgent":"Mozilla/5.0 (Macintosh; Intel Mac OS X) AppleWebKit/538.1 (KHTML, like Gecko) PhantomJS/2.1.1 Safari/538.1","webSecurityEnabled":true}
[INFO  - 2017-06-18T16:36:35.841Z] Session [4b71d4b0-5444-11e7-8678-bbd7b7416f56] - page.customHeaders:  - {}
[INFO  - 2017-06-18T16:36:35.841Z] Session [4b71d4b0-5444-11e7-8678-bbd7b7416f56] - Session.negotiatedCapabilities - {"browserName":"phantomjs","version":"2.1.1","driverName":"ghostdriver","driverVersion":"1.2.0","platform":"mac-10.11 (El Capitan)-64bit","javascriptEnabled":true,"takesScreenshot":true,"handlesAlerts":false,"databaseEnabled":false,"locationContextEnabled":false,"applicationCacheEnabled":false,"browserConnectionEnabled":false,"cssSelectorsEnabled":true,"webStorageEnabled":false,"rotatable":false,"acceptSslCerts":false,"nativeEvents":true,"proxy":{"proxyType":"direct"}}
[INFO  - 2017-06-18T16:36:35.841Z] SessionManagerReqHand - _postNewSessionCommand - New Session Created: 4b71d4b0-5444-11e7-8678-bbd7b7416f56
[INFO  - 2017-06-18T16:36:40.395Z] ShutdownReqHand - _handle - About to shutdown
[INFO  - 2017-06-18T16:36:59.314Z] GhostDriver - Main - running on port 1757
[INFO  - 2017-06-18T16:36:59.567Z] Session [599648a0-5444-11e7-8fea-a97943f02efd] - page.settings - {"XSSAuditingEnabled":false,"javascriptCanCloseWindows":true,"javascriptCanOpenWindows":true,"javascriptEnabled":true,"loadImages":true,"localToRemoteUrlAccessEnabled":false,"userAgent":"Mozilla/5.0 (Macintosh; Intel Mac OS X) AppleWebKit/538.1 (KHTML, like Gecko) PhantomJS/2.1.1 Safari/538.1","webSecurityEnabled":true}
[INFO  - 2017-06-18T16:36:59.567Z] Session [599648a0-5444-11e7-8fea-a97943f02efd] - page.customHeaders:  - {}
[INFO  - 2017-06-18T16:36:59.567Z] Session [599648a0-5444-11e7-8fea-a97943f02efd] - Session.negotiatedCapabilities - {"browserName":"phantomjs","version":"2.1.1","driverName":"ghostdriver","driverVersion":"1.2.0","platform":"mac-10.11 (El Capitan)-64bit","javascriptEnabled":true,"takesScreenshot":true,"handlesAlerts":false,"databaseEnabled":false,"locationContextEnabled":false,"applicationCacheEnabled":false,"browserConnectionEnabled":false,"cssSelectorsEnabled":true,"webStorageEnabled":false,"rotatable":false,"acceptSslCerts":false,"nativeEvents":true,"proxy":{"proxyType":"direct"}}
[INFO  - 2017-06-18T16:36:59.567Z] SessionManagerReqHand - _postNewSessionCommand - New Session Created: 599648a0-5444-11e7-8fea-a97943f02efd
[INFO  - 2017-06-18T16:37:04.170Z] ShutdownReqHand - _handle - About to shutdown
[INFO  - 2017-06-18T16:37:50.311Z] GhostDriver - Main - running on port 4066
[INFO  - 2017-06-18T16:37:50.563Z] Session [77fba7e0-5444-11e7-bc77-015bd3b7f72d] - page.settings - {"XSSAuditingEnabled":false,"javascriptCanCloseWindows":true,"javascriptCanOpenWindows":true,"javascriptEnabled":true,"loadImages":true,"localToRemoteUrlAccessEnabled":false,"userAgent":"Mozilla/5.0 (Macintosh; Intel Mac OS X) AppleWebKit/538.1 (KHTML, like Gecko) PhantomJS/2.1.1 Safari/538.1","webSecurityEnabled":true}
[INFO  - 2017-06-18T16:37:50.563Z] Session [77fba7e0-5444-11e7-bc77-015bd3b7f72d] - page.customHeaders:  - {}
[INFO  - 2017-06-18T16:37:50.563Z] Session [77fba7e0-5444-11e7-bc77-015bd3b7f72d] - Session.negotiatedCapabilities - {"browserName":"phantomjs","version":"2.1.1","driverName":"ghostdriver","driverVersion":"1.2.0","platform":"mac-10.11 (El Capitan)-64bit","javascriptEnabled":true,"takesScreenshot":true,"handlesAlerts":false,"databaseEnabled":false,"locationContextEnabled":false,"applicationCacheEnabled":false,"browserConnectionEnabled":false,"cssSelectorsEnabled":true,"webStorageEnabled":false,"rotatable":false,"acceptSslCerts":false,"nativeEvents":true,"proxy":{"proxyType":"direct"}}
[INFO  - 2017-06-18T16:37:50.563Z] SessionManagerReqHand - _postNewSessionCommand - New Session Created: 77fba7e0-5444-11e7-bc77-015bd3b7f72d
[INFO  - 2017-06-18T16:38:20.612Z] GhostDriver - Main - running on port 9157
[INFO  - 2017-06-18T16:38:20.876Z] Session [8a0d0d70-5444-11e7-b69e-c916bfb47aaa] - page.settings - {"XSSAuditingEnabled":false,"javascriptCanCloseWindows":true,"javascriptCanOpenWindows":true,"javascriptEnabled":true,"loadImages":true,"localToRemoteUrlAccessEnabled":false,"userAgent":"Mozilla/5.0 (Macintosh; Intel Mac OS X) AppleWebKit/538.1 (KHTML, like Gecko) PhantomJS/2.1.1 Safari/538.1","webSecurityEnabled":true}
[INFO  - 2017-06-18T16:38:20.876Z] Session [8a0d0d70-5444-11e7-b69e-c916bfb47aaa] - page.customHeaders:  - {}
[INFO  - 2017-06-18T16:38:20.876Z] Session [8a0d0d70-5444-11e7-b69e-c916bfb47aaa] - Session.negotiatedCapabilities - {"browserName":"phantomjs","version":"2.1.1","driverName":"ghostdriver","driverVersion":"1.2.0","platform":"mac-10.11 (El Capitan)-64bit","javascriptEnabled":true,"takesScreenshot":true,"handlesAlerts":false,"databaseEnabled":false,"locationContextEnabled":false,"applicationCacheEnabled":false,"browserConnectionEnabled":false,"cssSelectorsEnabled":true,"webStorageEnabled":false,"rotatable":false,"acceptSslCerts":false,"nativeEvents":true,"proxy":{"proxyType":"direct"}}
[INFO  - 2017-06-18T16:38:20.876Z] SessionManagerReqHand - _postNewSessionCommand - New Session Created: 8a0d0d70-5444-11e7-b69e-c916bfb47aaa
[INFO  - 2017-06-18T16:38:38.048Z] ShutdownReqHand - _handle - About to shutdown
[INFO  - 2017-06-18T16:39:43.677Z] GhostDriver - Main - running on port 10954
[INFO  - 2017-06-18T16:39:43.945Z] Session [bb908750-5444-11e7-9ea6-7fdf42d53358] - page.settings - {"XSSAuditingEnabled":false,"javascriptCanCloseWindows":true,"javascriptCanOpenWindows":true,"javascriptEnabled":true,"loadImages":true,"localToRemoteUrlAccessEnabled":false,"userAgent":"Mozilla/5.0 (Macintosh; Intel Mac OS X) AppleWebKit/538.1 (KHTML, like Gecko) PhantomJS/2.1.1 Safari/538.1","webSecurityEnabled":true}
[INFO  - 2017-06-18T16:39:43.946Z] Session [bb908750-5444-11e7-9ea6-7fdf42d53358] - page.customHeaders:  - {}
[INFO  - 2017-06-18T16:39:43.946Z] Session [bb908750-5444-11e7-9ea6-7fdf42d53358] - Session.negotiatedCapabilities - {"browserName":"phantomjs","version":"2.1.1","driverName":"ghostdriver","driverVersion":"1.2.0","platform":"mac-10.11 (El Capitan)-64bit","javascriptEnabled":true,"takesScreenshot":true,"handlesAlerts":false,"databaseEnabled":false,"locationContextEnabled":false,"applicationCacheEnabled":false,"browserConnectionEnabled":false,"cssSelectorsEnabled":true,"webStorageEnabled":false,"rotatable":false,"acceptSslCerts":false,"nativeEvents":true,"proxy":{"proxyType":"direct"}}
[INFO  - 2017-06-18T16:39:43.946Z] SessionManagerReqHand - _postNewSessionCommand - New Session Created: bb908750-5444-11e7-9ea6-7fdf42d53358
[INFO  - 2017-06-18T16:40:01.378Z] ShutdownReqHand - _handle - About to shutdown
