11:52:06.710 INFO - Selenium build info: version: '3.4.0', revision: 'unknown'
11:52:06.710 INFO - Launching a standalone Selenium Server
2017-06-18 11:52:06.732:INFO::main: Logging initialized @287ms to org.seleniumhq.jetty9.util.log.StdErrLog
11:52:06.786 INFO - Driver provider org.openqa.selenium.ie.InternetExplorerDriver registration is skipped:
 registration capabilities Capabilities [{ensureCleanSession=true, browserName=internet explorer, version=, platform=WINDOWS}] does not match the current platform MAC
11:52:06.786 INFO - Driver provider org.openqa.selenium.edge.EdgeDriver registration is skipped:
 registration capabilities Capabilities [{browserName=MicrosoftEdge, version=, platform=WINDOWS}] does not match the current platform MAC
11:52:06.787 INFO - Driver class not found: com.opera.core.systems.OperaDriver
11:52:06.787 INFO - Driver provider com.opera.core.systems.OperaDriver registration is skipped:
Unable to create new instances on this machine.
11:52:06.787 INFO - Driver class not found: com.opera.core.systems.OperaDriver
11:52:06.787 INFO - Driver provider com.opera.core.systems.OperaDriver is not registered
2017-06-18 11:52:06.832:INFO:osjs.Server:main: jetty-9.4.3.v20170317
2017-06-18 11:52:06.873:INFO:osjsh.ContextHandler:main: Started o.s.j.s.ServletContextHandler@d8355a8{/,null,AVAILABLE}
2017-06-18 11:52:06.912:INFO:osjs.AbstractConnector:main: Started ServerConnector@50777c8f{HTTP/1.1,[http/1.1]}{0.0.0.0:4444}
2017-06-18 11:52:06.913:INFO:osjs.Server:main: Started @468ms
11:52:06.913 INFO - Selenium Server is up and running
11:52:07.237 INFO - SessionCleaner initialized with insideBrowserTimeout 0 and clientGoneTimeout 1800000 polling every 180000
11:52:07.266 INFO - Executing: [new session: Capabilities [{acceptSslCerts=true, phantomjs.binary.path=/Users/laxman/myproj/node_modules/phantomjs-prebuilt/lib/phantom/bin/phantomjs, browserName=phantomjs, javascriptEnabled=true, platform=ANY}]])
11:52:07.285 INFO - Creating a new session for Capabilities [{acceptSslCerts=true, phantomjs.binary.path=/Users/laxman/myproj/node_modules/phantomjs-prebuilt/lib/phantom/bin/phantomjs, browserName=phantomjs, javascriptEnabled=true, platform=ANY}]
11:52:07.297 INFO - executable: /Users/laxman/myproj/node_modules/phantomjs-prebuilt/lib/phantom/bin/phantomjs
11:52:07.298 INFO - port: 15863
11:52:07.298 INFO - arguments: [--webdriver=15863, --webdriver-logfile=/Users/laxman/myproj/phantomjsdriver.log]
11:52:07.298 INFO - environment: {}
[INFO  - 2017-06-18T10:52:08.116Z] GhostDriver - Main - running on port 15863
[INFO  - 2017-06-18T10:52:08.364Z] Session [2cab6a80-5414-11e7-ab7d-5ffdaafe2ef9] - page.settings - {"XSSAuditingEnabled":false,"javascriptCanCloseWindows":true,"javascriptCanOpenWindows":true,"javascriptEnabled":true,"loadImages":true,"localToRemoteUrlAccessEnabled":false,"userAgent":"Mozilla/5.0 (Macintosh; Intel Mac OS X) AppleWebKit/538.1 (KHTML, like Gecko) PhantomJS/2.1.1 Safari/538.1","webSecurityEnabled":true}
[INFO  - 2017-06-18T10:52:08.364Z] Session [2cab6a80-5414-11e7-ab7d-5ffdaafe2ef9] - page.customHeaders:  - {}
[INFO  - 2017-06-18T10:52:08.364Z] Session [2cab6a80-5414-11e7-ab7d-5ffdaafe2ef9] - Session.negotiatedCapabilities - {"browserName":"phantomjs","version":"2.1.1","driverName":"ghostdriver","driverVersion":"1.2.0","platform":"mac-10.11 (El Capitan)-64bit","javascriptEnabled":true,"takesScreenshot":true,"handlesAlerts":false,"databaseEnabled":false,"locationContextEnabled":false,"applicationCacheEnabled":false,"browserConnectionEnabled":false,"cssSelectorsEnabled":true,"webStorageEnabled":false,"rotatable":false,"acceptSslCerts":false,"nativeEvents":true,"proxy":{"proxyType":"direct"}}
[INFO  - 2017-06-18T10:52:08.364Z] SessionManagerReqHand - _postNewSessionCommand - New Session Created: 2cab6a80-5414-11e7-ab7d-5ffdaafe2ef9
11:52:08.385 INFO - Detected dialect: OSS
11:52:08.416 INFO - Done: [new session: Capabilities [{acceptSslCerts=true, phantomjs.binary.path=/Users/laxman/myproj/node_modules/phantomjs-prebuilt/lib/phantom/bin/phantomjs, browserName=phantomjs, javascriptEnabled=true, platform=ANY}]]
11:52:08.445 INFO - Executing: [get: http://computer-database.herokuapp.com/computers/new])
11:52:09.473 INFO - Done: [get: http://computer-database.herokuapp.com/computers/new]
11:52:09.482 INFO - Executing: [find elements: By.cssSelector: body])
11:52:09.514 INFO - Done: [find elements: By.cssSelector: body]
11:52:09.520 INFO - Executing: [is displayed: 0 [[PhantomJSDriver: phantomjs on OS X 10.11 (2cab6a80-5414-11e7-ab7d-5ffdaafe2ef9)] -> css selector: body]])
11:52:09.542 INFO - Done: [is displayed: 0 [[PhantomJSDriver: phantomjs on OS X 10.11 (2cab6a80-5414-11e7-ab7d-5ffdaafe2ef9)] -> css selector: body]]
11:52:09.547 INFO - Executing: [find element: By.cssSelector: input[id="name"]])
11:52:09.561 INFO - Done: [find element: By.cssSelector: input[id="name"]]
11:52:09.565 INFO - Executing: [send keys: 1 [[PhantomJSDriver: phantomjs on OS X 10.11 (2cab6a80-5414-11e7-ab7d-5ffdaafe2ef9)] -> css selector: input[id="name"]], [4, 2, 5, 1, 2, 3, 5, 0]])
11:52:09.604 INFO - Done: [send keys: 1 [[PhantomJSDriver: phantomjs on OS X 10.11 (2cab6a80-5414-11e7-ab7d-5ffdaafe2ef9)] -> css selector: input[id="name"]], [4, 2, 5, 1, 2, 3, 5, 0]]
11:52:09.609 INFO - Executing: [find element: By.cssSelector: input[id="introduced"]])
11:52:09.621 INFO - Done: [find element: By.cssSelector: input[id="introduced"]]
11:52:09.625 INFO - Executing: [send keys: 2 [[PhantomJSDriver: phantomjs on OS X 10.11 (2cab6a80-5414-11e7-ab7d-5ffdaafe2ef9)] -> css selector: input[id="introduced"]], [2, 0, 1, 4, -, 0, 5, -, 2, 1]])
11:52:09.658 INFO - Done: [send keys: 2 [[PhantomJSDriver: phantomjs on OS X 10.11 (2cab6a80-5414-11e7-ab7d-5ffdaafe2ef9)] -> css selector: input[id="introduced"]], [2, 0, 1, 4, -, 0, 5, -, 2, 1]]
11:52:09.662 INFO - Executing: [find element: By.cssSelector: input[id="discontinued"]])
11:52:09.677 INFO - Done: [find element: By.cssSelector: input[id="discontinued"]]
11:52:09.681 INFO - Executing: [send keys: 3 [[PhantomJSDriver: phantomjs on OS X 10.11 (2cab6a80-5414-11e7-ab7d-5ffdaafe2ef9)] -> css selector: input[id="discontinued"]], [2, 0, 1, 6, -, 0, 5, -, 2, 3]])
11:52:09.713 INFO - Done: [send keys: 3 [[PhantomJSDriver: phantomjs on OS X 10.11 (2cab6a80-5414-11e7-ab7d-5ffdaafe2ef9)] -> css selector: input[id="discontinued"]], [2, 0, 1, 6, -, 0, 5, -, 2, 3]]
11:52:09.716 INFO - Executing: [find element: By.cssSelector: select[id="company"] option[value="1"]])
11:52:09.729 INFO - Done: [find element: By.cssSelector: select[id="company"] option[value="1"]]
11:52:09.733 INFO - Executing: [click: 4 [[PhantomJSDriver: phantomjs on OS X 10.11 (2cab6a80-5414-11e7-ab7d-5ffdaafe2ef9)] -> css selector: select[id="company"] option[value="1"]]])
11:52:09.770 INFO - Done: [click: 4 [[PhantomJSDriver: phantomjs on OS X 10.11 (2cab6a80-5414-11e7-ab7d-5ffdaafe2ef9)] -> css selector: select[id="company"] option[value="1"]]]
11:52:09.774 INFO - Executing: [find element: By.cssSelector: input[value="Create this computer"]])
11:52:09.787 INFO - Done: [find element: By.cssSelector: input[value="Create this computer"]]
11:52:09.790 INFO - Executing: [click: 5 [[PhantomJSDriver: phantomjs on OS X 10.11 (2cab6a80-5414-11e7-ab7d-5ffdaafe2ef9)] -> css selector: input[value="Create this computer"]]])
11:52:10.429 INFO - Done: [click: 5 [[PhantomJSDriver: phantomjs on OS X 10.11 (2cab6a80-5414-11e7-ab7d-5ffdaafe2ef9)] -> css selector: input[value="Create this computer"]]]
11:52:10.441 INFO - Executing: [find element: By.cssSelector: #main])
11:52:10.454 INFO - Done: [find element: By.cssSelector: #main]
11:52:10.457 INFO - Executing: [get text: 6 [[PhantomJSDriver: phantomjs on OS X 10.11 (2cab6a80-5414-11e7-ab7d-5ffdaafe2ef9)] -> css selector: #main]])
11:52:10.493 INFO - Done: [get text: 6 [[PhantomJSDriver: phantomjs on OS X 10.11 (2cab6a80-5414-11e7-ab7d-5ffdaafe2ef9)] -> css selector: #main]]
11:52:10.508 INFO - Executing: [find element: By.cssSelector: input[type=search]])
11:52:10.520 INFO - Done: [find element: By.cssSelector: input[type=search]]
11:52:10.524 INFO - Executing: [send keys: 7 [[PhantomJSDriver: phantomjs on OS X 10.11 (2cab6a80-5414-11e7-ab7d-5ffdaafe2ef9)] -> css selector: input[type=search]], [4, 2, 5, 1, 2, 3, 5, 0]])
11:52:10.565 INFO - Done: [send keys: 7 [[PhantomJSDriver: phantomjs on OS X 10.11 (2cab6a80-5414-11e7-ab7d-5ffdaafe2ef9)] -> css selector: input[type=search]], [4, 2, 5, 1, 2, 3, 5, 0]]
11:52:10.569 INFO - Executing: [find element: By.cssSelector: input[id="searchsubmit"]])
11:52:10.583 INFO - Done: [find element: By.cssSelector: input[id="searchsubmit"]]
11:52:10.586 INFO - Executing: [click: 8 [[PhantomJSDriver: phantomjs on OS X 10.11 (2cab6a80-5414-11e7-ab7d-5ffdaafe2ef9)] -> css selector: input[id="searchsubmit"]]])
11:52:10.821 INFO - Done: [click: 8 [[PhantomJSDriver: phantomjs on OS X 10.11 (2cab6a80-5414-11e7-ab7d-5ffdaafe2ef9)] -> css selector: input[id="searchsubmit"]]]
11:52:10.826 INFO - Executing: [find elements: By.cssSelector: #main h1])
11:52:10.839 INFO - Done: [find elements: By.cssSelector: #main h1]
11:52:10.844 INFO - Executing: [get text: 9 [[PhantomJSDriver: phantomjs on OS X 10.11 (2cab6a80-5414-11e7-ab7d-5ffdaafe2ef9)] -> css selector: #main h1]])
11:52:10.859 INFO - Done: [get text: 9 [[PhantomJSDriver: phantomjs on OS X 10.11 (2cab6a80-5414-11e7-ab7d-5ffdaafe2ef9)] -> css selector: #main h1]]
11:52:10.871 INFO - Executing: [get: http://computer-database.herokuapp.com/computers/new])
11:52:11.188 INFO - Done: [get: http://computer-database.herokuapp.com/computers/new]
11:52:11.196 INFO - Executing: [find elements: By.cssSelector: body])
11:52:11.205 INFO - Done: [find elements: By.cssSelector: body]
11:52:11.208 INFO - Executing: [is displayed: 10 [[PhantomJSDriver: phantomjs on OS X 10.11 (2cab6a80-5414-11e7-ab7d-5ffdaafe2ef9)] -> css selector: body]])
11:52:11.225 INFO - Done: [is displayed: 10 [[PhantomJSDriver: phantomjs on OS X 10.11 (2cab6a80-5414-11e7-ab7d-5ffdaafe2ef9)] -> css selector: body]]
11:52:11.229 INFO - Executing: [find element: By.cssSelector: input[id="name"]])
11:52:11.238 INFO - Done: [find element: By.cssSelector: input[id="name"]]
11:52:11.243 INFO - Executing: [send keys: 11 [[PhantomJSDriver: phantomjs on OS X 10.11 (2cab6a80-5414-11e7-ab7d-5ffdaafe2ef9)] -> css selector: input[id="name"]], []])
11:52:11.273 INFO - Done: [send keys: 11 [[PhantomJSDriver: phantomjs on OS X 10.11 (2cab6a80-5414-11e7-ab7d-5ffdaafe2ef9)] -> css selector: input[id="name"]], []]
11:52:11.277 INFO - Executing: [find element: By.cssSelector: input[id="introduced"]])
11:52:11.287 INFO - Done: [find element: By.cssSelector: input[id="introduced"]]
11:52:11.298 INFO - Executing: [send keys: 12 [[PhantomJSDriver: phantomjs on OS X 10.11 (2cab6a80-5414-11e7-ab7d-5ffdaafe2ef9)] -> css selector: input[id="introduced"]], [2, 0, 1, 4, -, 0, 5, -, 2, 1]])
11:52:11.333 INFO - Done: [send keys: 12 [[PhantomJSDriver: phantomjs on OS X 10.11 (2cab6a80-5414-11e7-ab7d-5ffdaafe2ef9)] -> css selector: input[id="introduced"]], [2, 0, 1, 4, -, 0, 5, -, 2, 1]]
11:52:11.338 INFO - Executing: [find element: By.cssSelector: input[id="discontinued"]])
11:52:11.347 INFO - Done: [find element: By.cssSelector: input[id="discontinued"]]
11:52:11.351 INFO - Executing: [send keys: 13 [[PhantomJSDriver: phantomjs on OS X 10.11 (2cab6a80-5414-11e7-ab7d-5ffdaafe2ef9)] -> css selector: input[id="discontinued"]], [2, 0, 1, 6, -, 0, 5, -, 2, 3]])
11:52:11.383 INFO - Done: [send keys: 13 [[PhantomJSDriver: phantomjs on OS X 10.11 (2cab6a80-5414-11e7-ab7d-5ffdaafe2ef9)] -> css selector: input[id="discontinued"]], [2, 0, 1, 6, -, 0, 5, -, 2, 3]]
11:52:11.386 INFO - Executing: [find element: By.cssSelector: select[id="company"] option[value="1"]])
11:52:11.394 INFO - Done: [find element: By.cssSelector: select[id="company"] option[value="1"]]
11:52:11.404 INFO - Executing: [click: 14 [[PhantomJSDriver: phantomjs on OS X 10.11 (2cab6a80-5414-11e7-ab7d-5ffdaafe2ef9)] -> css selector: select[id="company"] option[value="1"]]])
11:52:11.440 INFO - Done: [click: 14 [[PhantomJSDriver: phantomjs on OS X 10.11 (2cab6a80-5414-11e7-ab7d-5ffdaafe2ef9)] -> css selector: select[id="company"] option[value="1"]]]
11:52:11.445 INFO - Executing: [find element: By.cssSelector: input[value="Create this computer"]])
11:52:11.454 INFO - Done: [find element: By.cssSelector: input[value="Create this computer"]]
11:52:11.457 INFO - Executing: [click: 15 [[PhantomJSDriver: phantomjs on OS X 10.11 (2cab6a80-5414-11e7-ab7d-5ffdaafe2ef9)] -> css selector: input[value="Create this computer"]]])
11:52:11.816 INFO - Done: [click: 15 [[PhantomJSDriver: phantomjs on OS X 10.11 (2cab6a80-5414-11e7-ab7d-5ffdaafe2ef9)] -> css selector: input[value="Create this computer"]]]
11:52:11.823 INFO - Executing: [find element: By.cssSelector: div.clearfix])
11:52:11.835 INFO - Done: [find element: By.cssSelector: div.clearfix]
11:52:11.838 INFO - Executing: [get element attribute: 16 [[PhantomJSDriver: phantomjs on OS X 10.11 (2cab6a80-5414-11e7-ab7d-5ffdaafe2ef9)] -> css selector: div.clearfix], class])
11:52:11.848 INFO - Done: [get element attribute: 16 [[PhantomJSDriver: phantomjs on OS X 10.11 (2cab6a80-5414-11e7-ab7d-5ffdaafe2ef9)] -> css selector: div.clearfix], class]
11:52:11.864 INFO - Executing: [get: http://computer-database.herokuapp.com/computers/new])
11:52:12.084 INFO - Done: [get: http://computer-database.herokuapp.com/computers/new]
11:52:12.088 INFO - Executing: [find elements: By.cssSelector: body])
11:52:12.096 INFO - Done: [find elements: By.cssSelector: body]
11:52:12.098 INFO - Executing: [is displayed: 17 [[PhantomJSDriver: phantomjs on OS X 10.11 (2cab6a80-5414-11e7-ab7d-5ffdaafe2ef9)] -> css selector: body]])
11:52:12.113 INFO - Done: [is displayed: 17 [[PhantomJSDriver: phantomjs on OS X 10.11 (2cab6a80-5414-11e7-ab7d-5ffdaafe2ef9)] -> css selector: body]]
11:52:12.116 INFO - Executing: [find element: By.cssSelector: input[id="name"]])
11:52:12.124 INFO - Done: [find element: By.cssSelector: input[id="name"]]
11:52:12.127 INFO - Executing: [send keys: 18 [[PhantomJSDriver: phantomjs on OS X 10.11 (2cab6a80-5414-11e7-ab7d-5ffdaafe2ef9)] -> css selector: input[id="name"]], []])
11:52:12.153 INFO - Done: [send keys: 18 [[PhantomJSDriver: phantomjs on OS X 10.11 (2cab6a80-5414-11e7-ab7d-5ffdaafe2ef9)] -> css selector: input[id="name"]], []]
11:52:12.156 INFO - Executing: [find element: By.cssSelector: input[id="introduced"]])
11:52:12.164 INFO - Done: [find element: By.cssSelector: input[id="introduced"]]
11:52:12.167 INFO - Executing: [send keys: 19 [[PhantomJSDriver: phantomjs on OS X 10.11 (2cab6a80-5414-11e7-ab7d-5ffdaafe2ef9)] -> css selector: input[id="introduced"]], [2, 0, 1, 4, -, 0, 5, -, 2, 3]])
11:52:12.198 INFO - Done: [send keys: 19 [[PhantomJSDriver: phantomjs on OS X 10.11 (2cab6a80-5414-11e7-ab7d-5ffdaafe2ef9)] -> css selector: input[id="introduced"]], [2, 0, 1, 4, -, 0, 5, -, 2, 3]]
11:52:12.201 INFO - Executing: [find element: By.cssSelector: input[id="discontinued"]])
11:52:12.209 INFO - Done: [find element: By.cssSelector: input[id="discontinued"]]
11:52:12.212 INFO - Executing: [send keys: 20 [[PhantomJSDriver: phantomjs on OS X 10.11 (2cab6a80-5414-11e7-ab7d-5ffdaafe2ef9)] -> css selector: input[id="discontinued"]], [2, 0, 1, 6, -, 0, 5, -, 2, 3]])
11:52:12.244 INFO - Done: [send keys: 20 [[PhantomJSDriver: phantomjs on OS X 10.11 (2cab6a80-5414-11e7-ab7d-5ffdaafe2ef9)] -> css selector: input[id="discontinued"]], [2, 0, 1, 6, -, 0, 5, -, 2, 3]]
11:52:12.247 INFO - Executing: [find element: By.cssSelector: select[id="company"] option[value="1"]])
11:52:12.254 INFO - Done: [find element: By.cssSelector: select[id="company"] option[value="1"]]
11:52:12.257 INFO - Executing: [click: 21 [[PhantomJSDriver: phantomjs on OS X 10.11 (2cab6a80-5414-11e7-ab7d-5ffdaafe2ef9)] -> css selector: select[id="company"] option[value="1"]]])
11:52:12.289 INFO - Done: [click: 21 [[PhantomJSDriver: phantomjs on OS X 10.11 (2cab6a80-5414-11e7-ab7d-5ffdaafe2ef9)] -> css selector: select[id="company"] option[value="1"]]]
11:52:12.296 INFO - Executing: [find element: By.cssSelector: a[href="/computers"]])
11:52:12.309 INFO - Done: [find element: By.cssSelector: a[href="/computers"]]
11:52:12.311 INFO - Executing: [click: 22 [[PhantomJSDriver: phantomjs on OS X 10.11 (2cab6a80-5414-11e7-ab7d-5ffdaafe2ef9)] -> css selector: a[href="/computers"]]])
11:52:12.548 INFO - Done: [click: 22 [[PhantomJSDriver: phantomjs on OS X 10.11 (2cab6a80-5414-11e7-ab7d-5ffdaafe2ef9)] -> css selector: a[href="/computers"]]]
11:52:12.556 INFO - Executing: [find element: By.cssSelector: #main])
11:52:12.563 INFO - Done: [find element: By.cssSelector: #main]
11:52:12.567 INFO - Executing: [get text: 23 [[PhantomJSDriver: phantomjs on OS X 10.11 (2cab6a80-5414-11e7-ab7d-5ffdaafe2ef9)] -> css selector: #main]])
11:52:12.598 INFO - Done: [get text: 23 [[PhantomJSDriver: phantomjs on OS X 10.11 (2cab6a80-5414-11e7-ab7d-5ffdaafe2ef9)] -> css selector: #main]]
11:52:12.607 INFO - Executing: [get: http://computer-database.herokuapp.com/computers/new])
11:52:12.826 INFO - Done: [get: http://computer-database.herokuapp.com/computers/new]
11:52:12.829 INFO - Executing: [find elements: By.cssSelector: body])
11:52:12.837 INFO - Done: [find elements: By.cssSelector: body]
11:52:12.840 INFO - Executing: [is displayed: 24 [[PhantomJSDriver: phantomjs on OS X 10.11 (2cab6a80-5414-11e7-ab7d-5ffdaafe2ef9)] -> css selector: body]])
11:52:12.853 INFO - Done: [is displayed: 24 [[PhantomJSDriver: phantomjs on OS X 10.11 (2cab6a80-5414-11e7-ab7d-5ffdaafe2ef9)] -> css selector: body]]
11:52:12.855 INFO - Executing: [find element: By.cssSelector: input[id="name"]])
11:52:12.863 INFO - Done: [find element: By.cssSelector: input[id="name"]]
11:52:12.866 INFO - Executing: [send keys: 25 [[PhantomJSDriver: phantomjs on OS X 10.11 (2cab6a80-5414-11e7-ab7d-5ffdaafe2ef9)] -> css selector: input[id="name"]], [t, e, s, t, d, e, l, e, t, e]])
11:52:12.897 INFO - Done: [send keys: 25 [[PhantomJSDriver: phantomjs on OS X 10.11 (2cab6a80-5414-11e7-ab7d-5ffdaafe2ef9)] -> css selector: input[id="name"]], [t, e, s, t, d, e, l, e, t, e]]
11:52:12.900 INFO - Executing: [find element: By.cssSelector: input[value="Create this computer"]])
11:52:12.908 INFO - Done: [find element: By.cssSelector: input[value="Create this computer"]]
11:52:12.910 INFO - Executing: [click: 26 [[PhantomJSDriver: phantomjs on OS X 10.11 (2cab6a80-5414-11e7-ab7d-5ffdaafe2ef9)] -> css selector: input[value="Create this computer"]]])
11:52:13.345 INFO - Done: [click: 26 [[PhantomJSDriver: phantomjs on OS X 10.11 (2cab6a80-5414-11e7-ab7d-5ffdaafe2ef9)] -> css selector: input[value="Create this computer"]]]
11:52:13.350 INFO - Executing: [find element: By.cssSelector: input[type=search]])
11:52:13.358 INFO - Done: [find element: By.cssSelector: input[type=search]]
11:52:13.360 INFO - Executing: [send keys: 27 [[PhantomJSDriver: phantomjs on OS X 10.11 (2cab6a80-5414-11e7-ab7d-5ffdaafe2ef9)] -> css selector: input[type=search]], [t, e, s, t, d, e, l, e, t, e]])
11:52:13.396 INFO - Done: [send keys: 27 [[PhantomJSDriver: phantomjs on OS X 10.11 (2cab6a80-5414-11e7-ab7d-5ffdaafe2ef9)] -> css selector: input[type=search]], [t, e, s, t, d, e, l, e, t, e]]
11:52:13.400 INFO - Executing: [find element: By.cssSelector: input[id="searchsubmit"]])
11:52:13.409 INFO - Done: [find element: By.cssSelector: input[id="searchsubmit"]]
11:52:13.411 INFO - Executing: [click: 28 [[PhantomJSDriver: phantomjs on OS X 10.11 (2cab6a80-5414-11e7-ab7d-5ffdaafe2ef9)] -> css selector: input[id="searchsubmit"]]])
11:52:13.644 INFO - Done: [click: 28 [[PhantomJSDriver: phantomjs on OS X 10.11 (2cab6a80-5414-11e7-ab7d-5ffdaafe2ef9)] -> css selector: input[id="searchsubmit"]]]
11:52:13.658 INFO - Executing: [find elements: By.cssSelector: body])
11:52:13.666 INFO - Done: [find elements: By.cssSelector: body]
11:52:13.671 INFO - Executing: [is displayed: 29 [[PhantomJSDriver: phantomjs on OS X 10.11 (2cab6a80-5414-11e7-ab7d-5ffdaafe2ef9)] -> css selector: body]])
11:52:13.684 INFO - Done: [is displayed: 29 [[PhantomJSDriver: phantomjs on OS X 10.11 (2cab6a80-5414-11e7-ab7d-5ffdaafe2ef9)] -> css selector: body]]
11:52:13.687 INFO - Executing: [find element: By.cssSelector: #main table.computers.zebra-striped tbody tr td a])
11:52:13.700 INFO - Done: [find element: By.cssSelector: #main table.computers.zebra-striped tbody tr td a]
11:52:13.703 INFO - Executing: [get element attribute: 30 [[PhantomJSDriver: phantomjs on OS X 10.11 (2cab6a80-5414-11e7-ab7d-5ffdaafe2ef9)] -> css selector: #main table.computers.zebra-striped tbody tr td a], href])
11:52:13.714 INFO - Done: [get element attribute: 30 [[PhantomJSDriver: phantomjs on OS X 10.11 (2cab6a80-5414-11e7-ab7d-5ffdaafe2ef9)] -> css selector: #main table.computers.zebra-striped tbody tr td a], href]
11:52:13.717 INFO - Executing: [get: http://computer-database.herokuapp.com/computers/684])
11:52:13.933 INFO - Done: [get: http://computer-database.herokuapp.com/computers/684]
11:52:13.935 INFO - Executing: [find element: By.cssSelector: input[value="Delete this computer"]])
11:52:13.947 INFO - Done: [find element: By.cssSelector: input[value="Delete this computer"]]
11:52:13.950 INFO - Executing: [click: 31 [[PhantomJSDriver: phantomjs on OS X 10.11 (2cab6a80-5414-11e7-ab7d-5ffdaafe2ef9)] -> css selector: input[value="Delete this computer"]]])
11:52:14.284 INFO - Done: [click: 31 [[PhantomJSDriver: phantomjs on OS X 10.11 (2cab6a80-5414-11e7-ab7d-5ffdaafe2ef9)] -> css selector: input[value="Delete this computer"]]]
11:52:14.290 INFO - Executing: [find element: By.cssSelector: #main])
11:52:14.298 INFO - Done: [find element: By.cssSelector: #main]
11:52:14.300 INFO - Executing: [get text: 32 [[PhantomJSDriver: phantomjs on OS X 10.11 (2cab6a80-5414-11e7-ab7d-5ffdaafe2ef9)] -> css selector: #main]])
11:52:14.360 INFO - Done: [get text: 32 [[PhantomJSDriver: phantomjs on OS X 10.11 (2cab6a80-5414-11e7-ab7d-5ffdaafe2ef9)] -> css selector: #main]]
11:52:14.365 INFO - Executing: [find element: By.cssSelector: input[type=search]])
11:52:14.373 INFO - Done: [find element: By.cssSelector: input[type=search]]
11:52:14.376 INFO - Executing: [send keys: 33 [[PhantomJSDriver: phantomjs on OS X 10.11 (2cab6a80-5414-11e7-ab7d-5ffdaafe2ef9)] -> css selector: input[type=search]], [t, e, s, t, d, e, l, e, t, e]])
11:52:14.413 INFO - Done: [send keys: 33 [[PhantomJSDriver: phantomjs on OS X 10.11 (2cab6a80-5414-11e7-ab7d-5ffdaafe2ef9)] -> css selector: input[type=search]], [t, e, s, t, d, e, l, e, t, e]]
11:52:14.417 INFO - Executing: [find element: By.cssSelector: input[id="searchsubmit"]])
11:52:14.425 INFO - Done: [find element: By.cssSelector: input[id="searchsubmit"]]
11:52:14.428 INFO - Executing: [click: 34 [[PhantomJSDriver: phantomjs on OS X 10.11 (2cab6a80-5414-11e7-ab7d-5ffdaafe2ef9)] -> css selector: input[id="searchsubmit"]]])
11:52:14.661 INFO - Done: [click: 34 [[PhantomJSDriver: phantomjs on OS X 10.11 (2cab6a80-5414-11e7-ab7d-5ffdaafe2ef9)] -> css selector: input[id="searchsubmit"]]]
11:52:14.667 INFO - Executing: [find element: By.cssSelector: #main])
11:52:14.675 INFO - Done: [find element: By.cssSelector: #main]
11:52:14.677 INFO - Executing: [get text: 35 [[PhantomJSDriver: phantomjs on OS X 10.11 (2cab6a80-5414-11e7-ab7d-5ffdaafe2ef9)] -> css selector: #main]])
11:52:14.692 INFO - Done: [get text: 35 [[PhantomJSDriver: phantomjs on OS X 10.11 (2cab6a80-5414-11e7-ab7d-5ffdaafe2ef9)] -> css selector: #main]]
11:52:14.706 INFO - Executing: [get: http://computer-database.herokuapp.com/computers])
11:52:14.923 INFO - Done: [get: http://computer-database.herokuapp.com/computers]
11:52:14.926 INFO - Executing: [find elements: By.cssSelector: body])
11:52:14.934 INFO - Done: [find elements: By.cssSelector: body]
11:52:14.936 INFO - Executing: [is displayed: 36 [[PhantomJSDriver: phantomjs on OS X 10.11 (2cab6a80-5414-11e7-ab7d-5ffdaafe2ef9)] -> css selector: body]])
11:52:14.949 INFO - Done: [is displayed: 36 [[PhantomJSDriver: phantomjs on OS X 10.11 (2cab6a80-5414-11e7-ab7d-5ffdaafe2ef9)] -> css selector: body]]
11:52:14.953 INFO - Executing: [find element: By.cssSelector: input[type=search]])
11:52:14.961 INFO - Done: [find element: By.cssSelector: input[type=search]]
11:52:14.963 INFO - Executing: [send keys: 37 [[PhantomJSDriver: phantomjs on OS X 10.11 (2cab6a80-5414-11e7-ab7d-5ffdaafe2ef9)] -> css selector: input[type=search]], [I, B, M]])
11:52:14.994 INFO - Done: [send keys: 37 [[PhantomJSDriver: phantomjs on OS X 10.11 (2cab6a80-5414-11e7-ab7d-5ffdaafe2ef9)] -> css selector: input[type=search]], [I, B, M]]
11:52:14.997 INFO - Executing: [find element: By.cssSelector: input[id="searchsubmit"]])
11:52:15.004 INFO - Done: [find element: By.cssSelector: input[id="searchsubmit"]]
11:52:15.007 INFO - Executing: [click: 38 [[PhantomJSDriver: phantomjs on OS X 10.11 (2cab6a80-5414-11e7-ab7d-5ffdaafe2ef9)] -> css selector: input[id="searchsubmit"]]])
11:52:15.241 INFO - Done: [click: 38 [[PhantomJSDriver: phantomjs on OS X 10.11 (2cab6a80-5414-11e7-ab7d-5ffdaafe2ef9)] -> css selector: input[id="searchsubmit"]]]
11:52:15.246 INFO - Executing: [find element: By.cssSelector: #main])
11:52:15.254 INFO - Done: [find element: By.cssSelector: #main]
11:52:15.256 INFO - Executing: [get text: 39 [[PhantomJSDriver: phantomjs on OS X 10.11 (2cab6a80-5414-11e7-ab7d-5ffdaafe2ef9)] -> css selector: #main]])
11:52:15.288 INFO - Done: [get text: 39 [[PhantomJSDriver: phantomjs on OS X 10.11 (2cab6a80-5414-11e7-ab7d-5ffdaafe2ef9)] -> css selector: #main]]
11:52:15.297 INFO - Executing: [get: http://computer-database.herokuapp.com/computers])
11:52:15.514 INFO - Done: [get: http://computer-database.herokuapp.com/computers]
11:52:15.517 INFO - Executing: [find elements: By.cssSelector: body])
11:52:15.525 INFO - Done: [find elements: By.cssSelector: body]
11:52:15.527 INFO - Executing: [is displayed: 40 [[PhantomJSDriver: phantomjs on OS X 10.11 (2cab6a80-5414-11e7-ab7d-5ffdaafe2ef9)] -> css selector: body]])
11:52:15.541 INFO - Done: [is displayed: 40 [[PhantomJSDriver: phantomjs on OS X 10.11 (2cab6a80-5414-11e7-ab7d-5ffdaafe2ef9)] -> css selector: body]]
11:52:15.545 INFO - Executing: [find element: By.cssSelector: input[type=search]])
11:52:15.552 INFO - Done: [find element: By.cssSelector: input[type=search]]
11:52:15.555 INFO - Executing: [send keys: 41 [[PhantomJSDriver: phantomjs on OS X 10.11 (2cab6a80-5414-11e7-ab7d-5ffdaafe2ef9)] -> css selector: input[type=search]], [h, e, r, o, k, u, a, p, p]])
11:52:15.590 INFO - Done: [send keys: 41 [[PhantomJSDriver: phantomjs on OS X 10.11 (2cab6a80-5414-11e7-ab7d-5ffdaafe2ef9)] -> css selector: input[type=search]], [h, e, r, o, k, u, a, p, p]]
11:52:15.593 INFO - Executing: [find element: By.cssSelector: input[id="searchsubmit"]])
11:52:15.602 INFO - Done: [find element: By.cssSelector: input[id="searchsubmit"]]
11:52:15.605 INFO - Executing: [click: 42 [[PhantomJSDriver: phantomjs on OS X 10.11 (2cab6a80-5414-11e7-ab7d-5ffdaafe2ef9)] -> css selector: input[id="searchsubmit"]]])
11:52:15.837 INFO - Done: [click: 42 [[PhantomJSDriver: phantomjs on OS X 10.11 (2cab6a80-5414-11e7-ab7d-5ffdaafe2ef9)] -> css selector: input[id="searchsubmit"]]]
11:52:15.841 INFO - Executing: [find element: By.cssSelector: #main])
11:52:15.848 INFO - Done: [find element: By.cssSelector: #main]
11:52:15.850 INFO - Executing: [get text: 43 [[PhantomJSDriver: phantomjs on OS X 10.11 (2cab6a80-5414-11e7-ab7d-5ffdaafe2ef9)] -> css selector: #main]])
11:52:15.867 INFO - Done: [get text: 43 [[PhantomJSDriver: phantomjs on OS X 10.11 (2cab6a80-5414-11e7-ab7d-5ffdaafe2ef9)] -> css selector: #main]]
11:52:15.877 INFO - Executing: [get: http://computer-database.herokuapp.com/computers/new])
11:52:16.094 INFO - Done: [get: http://computer-database.herokuapp.com/computers/new]
11:52:16.099 INFO - Executing: [find elements: By.cssSelector: body])
11:52:16.108 INFO - Done: [find elements: By.cssSelector: body]
11:52:16.110 INFO - Executing: [is displayed: 44 [[PhantomJSDriver: phantomjs on OS X 10.11 (2cab6a80-5414-11e7-ab7d-5ffdaafe2ef9)] -> css selector: body]])
11:52:16.124 INFO - Done: [is displayed: 44 [[PhantomJSDriver: phantomjs on OS X 10.11 (2cab6a80-5414-11e7-ab7d-5ffdaafe2ef9)] -> css selector: body]]
11:52:16.126 INFO - Executing: [find element: By.cssSelector: input[id="name"]])
11:52:16.134 INFO - Done: [find element: By.cssSelector: input[id="name"]]
11:52:16.136 INFO - Executing: [send keys: 45 [[PhantomJSDriver: phantomjs on OS X 10.11 (2cab6a80-5414-11e7-ab7d-5ffdaafe2ef9)] -> css selector: input[id="name"]], [T, e, s, t, M, O, S, 6]])
11:52:16.170 INFO - Done: [send keys: 45 [[PhantomJSDriver: phantomjs on OS X 10.11 (2cab6a80-5414-11e7-ab7d-5ffdaafe2ef9)] -> css selector: input[id="name"]], [T, e, s, t, M, O, S, 6]]
11:52:16.172 INFO - Executing: [find element: By.cssSelector: input[id="introduced"]])
11:52:16.179 INFO - Done: [find element: By.cssSelector: input[id="introduced"]]
11:52:16.182 INFO - Executing: [send keys: 46 [[PhantomJSDriver: phantomjs on OS X 10.11 (2cab6a80-5414-11e7-ab7d-5ffdaafe2ef9)] -> css selector: input[id="introduced"]], [2, 0, 1, 7, -, 0, 6, -, 1, 6]])
11:52:16.214 INFO - Done: [send keys: 46 [[PhantomJSDriver: phantomjs on OS X 10.11 (2cab6a80-5414-11e7-ab7d-5ffdaafe2ef9)] -> css selector: input[id="introduced"]], [2, 0, 1, 7, -, 0, 6, -, 1, 6]]
11:52:16.216 INFO - Executing: [find element: By.cssSelector: input[id="discontinued"]])
11:52:16.223 INFO - Done: [find element: By.cssSelector: input[id="discontinued"]]
11:52:16.226 INFO - Executing: [send keys: 47 [[PhantomJSDriver: phantomjs on OS X 10.11 (2cab6a80-5414-11e7-ab7d-5ffdaafe2ef9)] -> css selector: input[id="discontinued"]], [2, 0, 1, 7, -, 0, 6, -, 1, 6]])
11:52:16.281 INFO - Done: [send keys: 47 [[PhantomJSDriver: phantomjs on OS X 10.11 (2cab6a80-5414-11e7-ab7d-5ffdaafe2ef9)] -> css selector: input[id="discontinued"]], [2, 0, 1, 7, -, 0, 6, -, 1, 6]]
11:52:16.283 INFO - Executing: [find element: By.cssSelector: select[id="company"] option[value="7"]])
11:52:16.295 INFO - Done: [find element: By.cssSelector: select[id="company"] option[value="7"]]
11:52:16.297 INFO - Executing: [click: 48 [[PhantomJSDriver: phantomjs on OS X 10.11 (2cab6a80-5414-11e7-ab7d-5ffdaafe2ef9)] -> css selector: select[id="company"] option[value="7"]]])
11:52:16.329 INFO - Done: [click: 48 [[PhantomJSDriver: phantomjs on OS X 10.11 (2cab6a80-5414-11e7-ab7d-5ffdaafe2ef9)] -> css selector: select[id="company"] option[value="7"]]]
11:52:16.332 INFO - Executing: [find element: By.cssSelector: input[value="Create this computer"]])
11:52:16.339 INFO - Done: [find element: By.cssSelector: input[value="Create this computer"]]
11:52:16.341 INFO - Executing: [click: 49 [[PhantomJSDriver: phantomjs on OS X 10.11 (2cab6a80-5414-11e7-ab7d-5ffdaafe2ef9)] -> css selector: input[value="Create this computer"]]])
11:52:16.774 INFO - Done: [click: 49 [[PhantomJSDriver: phantomjs on OS X 10.11 (2cab6a80-5414-11e7-ab7d-5ffdaafe2ef9)] -> css selector: input[value="Create this computer"]]]
11:52:16.783 INFO - Executing: [find element: By.cssSelector: input[type=search]])
11:52:16.791 INFO - Done: [find element: By.cssSelector: input[type=search]]
11:52:16.793 INFO - Executing: [send keys: 50 [[PhantomJSDriver: phantomjs on OS X 10.11 (2cab6a80-5414-11e7-ab7d-5ffdaafe2ef9)] -> css selector: input[type=search]], [M, O, S,  , t, e, c, h, n, o, l, o, g, y]])
11:52:16.834 INFO - Done: [send keys: 50 [[PhantomJSDriver: phantomjs on OS X 10.11 (2cab6a80-5414-11e7-ab7d-5ffdaafe2ef9)] -> css selector: input[type=search]], [M, O, S,  , t, e, c, h, n, o, l, o, g, y]]
11:52:16.837 INFO - Executing: [find element: By.cssSelector: input[id="searchsubmit"]])
11:52:16.844 INFO - Done: [find element: By.cssSelector: input[id="searchsubmit"]]
11:52:16.846 INFO - Executing: [click: 51 [[PhantomJSDriver: phantomjs on OS X 10.11 (2cab6a80-5414-11e7-ab7d-5ffdaafe2ef9)] -> css selector: input[id="searchsubmit"]]])
11:52:17.078 INFO - Done: [click: 51 [[PhantomJSDriver: phantomjs on OS X 10.11 (2cab6a80-5414-11e7-ab7d-5ffdaafe2ef9)] -> css selector: input[id="searchsubmit"]]]
11:52:17.084 INFO - Executing: [find element: By.cssSelector: #main])
11:52:17.091 INFO - Done: [find element: By.cssSelector: #main]
11:52:17.093 INFO - Executing: [get text: 52 [[PhantomJSDriver: phantomjs on OS X 10.11 (2cab6a80-5414-11e7-ab7d-5ffdaafe2ef9)] -> css selector: #main]])
11:52:17.112 INFO - Done: [get text: 52 [[PhantomJSDriver: phantomjs on OS X 10.11 (2cab6a80-5414-11e7-ab7d-5ffdaafe2ef9)] -> css selector: #main]]
11:52:17.117 INFO - Executing: [get: http://computer-database.herokuapp.com/computers/new])
11:52:17.333 INFO - Done: [get: http://computer-database.herokuapp.com/computers/new]
11:52:17.336 INFO - Executing: [find elements: By.cssSelector: body])
11:52:17.342 INFO - Done: [find elements: By.cssSelector: body]
11:52:17.345 INFO - Executing: [is displayed: 53 [[PhantomJSDriver: phantomjs on OS X 10.11 (2cab6a80-5414-11e7-ab7d-5ffdaafe2ef9)] -> css selector: body]])
11:52:17.358 INFO - Done: [is displayed: 53 [[PhantomJSDriver: phantomjs on OS X 10.11 (2cab6a80-5414-11e7-ab7d-5ffdaafe2ef9)] -> css selector: body]]
11:52:17.360 INFO - Executing: [find element: By.cssSelector: input[id="name"]])
11:52:17.368 INFO - Done: [find element: By.cssSelector: input[id="name"]]
11:52:17.371 INFO - Executing: [send keys: 54 [[PhantomJSDriver: phantomjs on OS X 10.11 (2cab6a80-5414-11e7-ab7d-5ffdaafe2ef9)] -> css selector: input[id="name"]], [T, e, s, t, 1, 0, 1, 1]])
11:52:17.399 INFO - Done: [send keys: 54 [[PhantomJSDriver: phantomjs on OS X 10.11 (2cab6a80-5414-11e7-ab7d-5ffdaafe2ef9)] -> css selector: input[id="name"]], [T, e, s, t, 1, 0, 1, 1]]
11:52:17.402 INFO - Executing: [find element: By.cssSelector: input[value="Create this computer"]])
11:52:17.409 INFO - Done: [find element: By.cssSelector: input[value="Create this computer"]]
11:52:17.412 INFO - Executing: [click: 55 [[PhantomJSDriver: phantomjs on OS X 10.11 (2cab6a80-5414-11e7-ab7d-5ffdaafe2ef9)] -> css selector: input[value="Create this computer"]]])
11:52:17.850 INFO - Done: [click: 55 [[PhantomJSDriver: phantomjs on OS X 10.11 (2cab6a80-5414-11e7-ab7d-5ffdaafe2ef9)] -> css selector: input[value="Create this computer"]]]
11:52:17.854 INFO - Executing: [find element: By.cssSelector: input[type=search]])
11:52:17.862 INFO - Done: [find element: By.cssSelector: input[type=search]]
11:52:17.864 INFO - Executing: [send keys: 56 [[PhantomJSDriver: phantomjs on OS X 10.11 (2cab6a80-5414-11e7-ab7d-5ffdaafe2ef9)] -> css selector: input[type=search]], [T, e, s, t, 1, 0, 1, 1]])
11:52:17.897 INFO - Done: [send keys: 56 [[PhantomJSDriver: phantomjs on OS X 10.11 (2cab6a80-5414-11e7-ab7d-5ffdaafe2ef9)] -> css selector: input[type=search]], [T, e, s, t, 1, 0, 1, 1]]
11:52:17.899 INFO - Executing: [find element: By.cssSelector: input[id="searchsubmit"]])
11:52:17.907 INFO - Done: [find element: By.cssSelector: input[id="searchsubmit"]]
11:52:17.911 INFO - Executing: [click: 57 [[PhantomJSDriver: phantomjs on OS X 10.11 (2cab6a80-5414-11e7-ab7d-5ffdaafe2ef9)] -> css selector: input[id="searchsubmit"]]])
11:52:18.144 INFO - Done: [click: 57 [[PhantomJSDriver: phantomjs on OS X 10.11 (2cab6a80-5414-11e7-ab7d-5ffdaafe2ef9)] -> css selector: input[id="searchsubmit"]]]
11:52:18.150 INFO - Executing: [find element: By.cssSelector: #main])
11:52:18.158 INFO - Done: [find element: By.cssSelector: #main]
11:52:18.161 INFO - Executing: [get text: 58 [[PhantomJSDriver: phantomjs on OS X 10.11 (2cab6a80-5414-11e7-ab7d-5ffdaafe2ef9)] -> css selector: #main]])
11:52:18.187 INFO - Done: [get text: 58 [[PhantomJSDriver: phantomjs on OS X 10.11 (2cab6a80-5414-11e7-ab7d-5ffdaafe2ef9)] -> css selector: #main]]
11:52:18.210 INFO - Executing: [get: http://computer-database.herokuapp.com/computers/new])
11:52:18.426 INFO - Done: [get: http://computer-database.herokuapp.com/computers/new]
11:52:18.429 INFO - Executing: [find elements: By.cssSelector: body])
11:52:18.436 INFO - Done: [find elements: By.cssSelector: body]
11:52:18.438 INFO - Executing: [is displayed: 59 [[PhantomJSDriver: phantomjs on OS X 10.11 (2cab6a80-5414-11e7-ab7d-5ffdaafe2ef9)] -> css selector: body]])
11:52:18.453 INFO - Done: [is displayed: 59 [[PhantomJSDriver: phantomjs on OS X 10.11 (2cab6a80-5414-11e7-ab7d-5ffdaafe2ef9)] -> css selector: body]]
11:52:18.461 INFO - Executing: [find element: By.cssSelector: input[id="name"]])
11:52:18.468 INFO - Done: [find element: By.cssSelector: input[id="name"]]
11:52:18.480 INFO - Executing: [send keys: 60 [[PhantomJSDriver: phantomjs on OS X 10.11 (2cab6a80-5414-11e7-ab7d-5ffdaafe2ef9)] -> css selector: input[id="name"]], [4, 2, 5, 1, 2, 3, 5, 0]])
11:52:18.510 INFO - Done: [send keys: 60 [[PhantomJSDriver: phantomjs on OS X 10.11 (2cab6a80-5414-11e7-ab7d-5ffdaafe2ef9)] -> css selector: input[id="name"]], [4, 2, 5, 1, 2, 3, 5, 0]]
11:52:18.513 INFO - Executing: [find element: By.cssSelector: input[id="introduced"]])
11:52:18.520 INFO - Done: [find element: By.cssSelector: input[id="introduced"]]
11:52:18.523 INFO - Executing: [send keys: 61 [[PhantomJSDriver: phantomjs on OS X 10.11 (2cab6a80-5414-11e7-ab7d-5ffdaafe2ef9)] -> css selector: input[id="introduced"]], [2, 0, 1, 4, -, 0, 5, -, 2, 1]])
11:52:18.580 INFO - Done: [send keys: 61 [[PhantomJSDriver: phantomjs on OS X 10.11 (2cab6a80-5414-11e7-ab7d-5ffdaafe2ef9)] -> css selector: input[id="introduced"]], [2, 0, 1, 4, -, 0, 5, -, 2, 1]]
11:52:18.582 INFO - Executing: [find element: By.cssSelector: input[id="discontinued"]])
11:52:18.590 INFO - Done: [find element: By.cssSelector: input[id="discontinued"]]
11:52:18.592 INFO - Executing: [send keys: 62 [[PhantomJSDriver: phantomjs on OS X 10.11 (2cab6a80-5414-11e7-ab7d-5ffdaafe2ef9)] -> css selector: input[id="discontinued"]], [2, 0, 1, 6, -, 0, 5, -, 2, 3]])
11:52:18.623 INFO - Done: [send keys: 62 [[PhantomJSDriver: phantomjs on OS X 10.11 (2cab6a80-5414-11e7-ab7d-5ffdaafe2ef9)] -> css selector: input[id="discontinued"]], [2, 0, 1, 6, -, 0, 5, -, 2, 3]]
11:52:18.625 INFO - Executing: [find element: By.cssSelector: select[id="company"] option[value="1"]])
11:52:18.633 INFO - Done: [find element: By.cssSelector: select[id="company"] option[value="1"]]
11:52:18.635 INFO - Executing: [click: 63 [[PhantomJSDriver: phantomjs on OS X 10.11 (2cab6a80-5414-11e7-ab7d-5ffdaafe2ef9)] -> css selector: select[id="company"] option[value="1"]]])
11:52:18.667 INFO - Done: [click: 63 [[PhantomJSDriver: phantomjs on OS X 10.11 (2cab6a80-5414-11e7-ab7d-5ffdaafe2ef9)] -> css selector: select[id="company"] option[value="1"]]]
11:52:18.670 INFO - Executing: [find element: By.cssSelector: input[value="Create this computer"]])
11:52:18.678 INFO - Done: [find element: By.cssSelector: input[value="Create this computer"]]
11:52:18.680 INFO - Executing: [click: 64 [[PhantomJSDriver: phantomjs on OS X 10.11 (2cab6a80-5414-11e7-ab7d-5ffdaafe2ef9)] -> css selector: input[value="Create this computer"]]])
11:52:19.115 INFO - Done: [click: 64 [[PhantomJSDriver: phantomjs on OS X 10.11 (2cab6a80-5414-11e7-ab7d-5ffdaafe2ef9)] -> css selector: input[value="Create this computer"]]]
11:52:19.119 INFO - Executing: [find element: By.cssSelector: input[type=search]])
11:52:19.126 INFO - Done: [find element: By.cssSelector: input[type=search]]
11:52:19.128 INFO - Executing: [send keys: 65 [[PhantomJSDriver: phantomjs on OS X 10.11 (2cab6a80-5414-11e7-ab7d-5ffdaafe2ef9)] -> css selector: input[type=search]], [4, 2, 5, 1, 2, 3, 5, 0]])
11:52:19.160 INFO - Done: [send keys: 65 [[PhantomJSDriver: phantomjs on OS X 10.11 (2cab6a80-5414-11e7-ab7d-5ffdaafe2ef9)] -> css selector: input[type=search]], [4, 2, 5, 1, 2, 3, 5, 0]]
11:52:19.163 INFO - Executing: [find element: By.cssSelector: input[id="searchsubmit"]])
11:52:19.170 INFO - Done: [find element: By.cssSelector: input[id="searchsubmit"]]
11:52:19.172 INFO - Executing: [click: 66 [[PhantomJSDriver: phantomjs on OS X 10.11 (2cab6a80-5414-11e7-ab7d-5ffdaafe2ef9)] -> css selector: input[id="searchsubmit"]]])
11:52:19.406 INFO - Done: [click: 66 [[PhantomJSDriver: phantomjs on OS X 10.11 (2cab6a80-5414-11e7-ab7d-5ffdaafe2ef9)] -> css selector: input[id="searchsubmit"]]]
11:52:19.408 INFO - Executing: [find elements: By.cssSelector: body])
11:52:19.416 INFO - Done: [find elements: By.cssSelector: body]
11:52:19.418 INFO - Executing: [is displayed: 67 [[PhantomJSDriver: phantomjs on OS X 10.11 (2cab6a80-5414-11e7-ab7d-5ffdaafe2ef9)] -> css selector: body]])
11:52:19.431 INFO - Done: [is displayed: 67 [[PhantomJSDriver: phantomjs on OS X 10.11 (2cab6a80-5414-11e7-ab7d-5ffdaafe2ef9)] -> css selector: body]]
11:52:19.433 INFO - Executing: [find element: By.cssSelector: #main table.computers.zebra-striped tbody tr td a])
11:52:19.441 INFO - Done: [find element: By.cssSelector: #main table.computers.zebra-striped tbody tr td a]
11:52:19.444 INFO - Executing: [get element attribute: 68 [[PhantomJSDriver: phantomjs on OS X 10.11 (2cab6a80-5414-11e7-ab7d-5ffdaafe2ef9)] -> css selector: #main table.computers.zebra-striped tbody tr td a], href])
11:52:19.455 INFO - Done: [get element attribute: 68 [[PhantomJSDriver: phantomjs on OS X 10.11 (2cab6a80-5414-11e7-ab7d-5ffdaafe2ef9)] -> css selector: #main table.computers.zebra-striped tbody tr td a], href]
11:52:19.457 INFO - Executing: [get: http://computer-database.herokuapp.com/computers/683])
11:52:19.677 INFO - Done: [get: http://computer-database.herokuapp.com/computers/683]
11:52:19.682 INFO - Executing: [find element: By.cssSelector: input[value="Save this computer"]])
11:52:19.693 INFO - Done: [find element: By.cssSelector: input[value="Save this computer"]]
11:52:19.695 INFO - Executing: [click: 69 [[PhantomJSDriver: phantomjs on OS X 10.11 (2cab6a80-5414-11e7-ab7d-5ffdaafe2ef9)] -> css selector: input[value="Save this computer"]]])
11:52:20.234 INFO - Done: [click: 69 [[PhantomJSDriver: phantomjs on OS X 10.11 (2cab6a80-5414-11e7-ab7d-5ffdaafe2ef9)] -> css selector: input[value="Save this computer"]]]
11:52:20.240 INFO - Executing: [find element: By.cssSelector: input[type=search]])
11:52:20.248 INFO - Done: [find element: By.cssSelector: input[type=search]]
11:52:20.250 INFO - Executing: [send keys: 70 [[PhantomJSDriver: phantomjs on OS X 10.11 (2cab6a80-5414-11e7-ab7d-5ffdaafe2ef9)] -> css selector: input[type=search]], [4, 2, 5, 1, 2, 3, 5, 0]])
11:52:20.282 INFO - Done: [send keys: 70 [[PhantomJSDriver: phantomjs on OS X 10.11 (2cab6a80-5414-11e7-ab7d-5ffdaafe2ef9)] -> css selector: input[type=search]], [4, 2, 5, 1, 2, 3, 5, 0]]
11:52:20.284 INFO - Executing: [find element: By.cssSelector: input[id="searchsubmit"]])
11:52:20.291 INFO - Done: [find element: By.cssSelector: input[id="searchsubmit"]]
11:52:20.295 INFO - Executing: [click: 71 [[PhantomJSDriver: phantomjs on OS X 10.11 (2cab6a80-5414-11e7-ab7d-5ffdaafe2ef9)] -> css selector: input[id="searchsubmit"]]])
11:52:20.529 INFO - Done: [click: 71 [[PhantomJSDriver: phantomjs on OS X 10.11 (2cab6a80-5414-11e7-ab7d-5ffdaafe2ef9)] -> css selector: input[id="searchsubmit"]]]
11:52:20.531 INFO - Executing: [find element: By.cssSelector: #main table.computers.zebra-striped tbody tr td a])
11:52:20.538 INFO - Done: [find element: By.cssSelector: #main table.computers.zebra-striped tbody tr td a]
11:52:20.540 INFO - Executing: [get element attribute: 72 [[PhantomJSDriver: phantomjs on OS X 10.11 (2cab6a80-5414-11e7-ab7d-5ffdaafe2ef9)] -> css selector: #main table.computers.zebra-striped tbody tr td a], href])
11:52:20.551 INFO - Done: [get element attribute: 72 [[PhantomJSDriver: phantomjs on OS X 10.11 (2cab6a80-5414-11e7-ab7d-5ffdaafe2ef9)] -> css selector: #main table.computers.zebra-striped tbody tr td a], href]
11:52:20.553 INFO - Executing: [get: http://computer-database.herokuapp.com/computers/683])
11:52:20.772 INFO - Done: [get: http://computer-database.herokuapp.com/computers/683]
11:52:20.775 INFO - Executing: [find elements: By.cssSelector: input[id="name"]])
11:52:20.788 INFO - Done: [find elements: By.cssSelector: input[id="name"]]
11:52:20.790 INFO - Executing: [get element attribute: 73 [[PhantomJSDriver: phantomjs on OS X 10.11 (2cab6a80-5414-11e7-ab7d-5ffdaafe2ef9)] -> css selector: input[id="name"]], value])
11:52:20.800 INFO - Done: [get element attribute: 73 [[PhantomJSDriver: phantomjs on OS X 10.11 (2cab6a80-5414-11e7-ab7d-5ffdaafe2ef9)] -> css selector: input[id="name"]], value]
11:52:20.805 INFO - Executing: [find elements: By.cssSelector: input[id="introduced"]])
11:52:20.817 INFO - Done: [find elements: By.cssSelector: input[id="introduced"]]
11:52:20.819 INFO - Executing: [get element attribute: 74 [[PhantomJSDriver: phantomjs on OS X 10.11 (2cab6a80-5414-11e7-ab7d-5ffdaafe2ef9)] -> css selector: input[id="introduced"]], value])
11:52:20.830 INFO - Done: [get element attribute: 74 [[PhantomJSDriver: phantomjs on OS X 10.11 (2cab6a80-5414-11e7-ab7d-5ffdaafe2ef9)] -> css selector: input[id="introduced"]], value]
11:52:20.834 INFO - Executing: [find elements: By.cssSelector: input[id="discontinued"]])
11:52:20.848 INFO - Done: [find elements: By.cssSelector: input[id="discontinued"]]
11:52:20.850 INFO - Executing: [get element attribute: 75 [[PhantomJSDriver: phantomjs on OS X 10.11 (2cab6a80-5414-11e7-ab7d-5ffdaafe2ef9)] -> css selector: input[id="discontinued"]], value])
11:52:20.863 INFO - Done: [get element attribute: 75 [[PhantomJSDriver: phantomjs on OS X 10.11 (2cab6a80-5414-11e7-ab7d-5ffdaafe2ef9)] -> css selector: input[id="discontinued"]], value]
11:52:20.869 INFO - Executing: [find elements: By.cssSelector: select[id="company"] option[value="1"]])
11:52:20.880 INFO - Done: [find elements: By.cssSelector: select[id="company"] option[value="1"]]
11:52:20.882 INFO - Executing: [is selected: 76 [[PhantomJSDriver: phantomjs on OS X 10.11 (2cab6a80-5414-11e7-ab7d-5ffdaafe2ef9)] -> css selector: select[id="company"] option[value="1"]]])
11:52:20.894 INFO - Done: [is selected: 76 [[PhantomJSDriver: phantomjs on OS X 10.11 (2cab6a80-5414-11e7-ab7d-5ffdaafe2ef9)] -> css selector: select[id="company"] option[value="1"]]]
11:52:20.903 INFO - Executing: [get: http://computer-database.herokuapp.com/computers/new])
11:52:21.119 INFO - Done: [get: http://computer-database.herokuapp.com/computers/new]
11:52:21.122 INFO - Executing: [find elements: By.cssSelector: body])
11:52:21.130 INFO - Done: [find elements: By.cssSelector: body]
11:52:21.132 INFO - Executing: [is displayed: 77 [[PhantomJSDriver: phantomjs on OS X 10.11 (2cab6a80-5414-11e7-ab7d-5ffdaafe2ef9)] -> css selector: body]])
11:52:21.169 INFO - Done: [is displayed: 77 [[PhantomJSDriver: phantomjs on OS X 10.11 (2cab6a80-5414-11e7-ab7d-5ffdaafe2ef9)] -> css selector: body]]
11:52:21.172 INFO - Executing: [find element: By.cssSelector: input[id="name"]])
11:52:21.180 INFO - Done: [find element: By.cssSelector: input[id="name"]]
11:52:21.183 INFO - Executing: [send keys: 78 [[PhantomJSDriver: phantomjs on OS X 10.11 (2cab6a80-5414-11e7-ab7d-5ffdaafe2ef9)] -> css selector: input[id="name"]], [4, 2, 5, 1, 2, 3, 5, 0]])
11:52:21.212 INFO - Done: [send keys: 78 [[PhantomJSDriver: phantomjs on OS X 10.11 (2cab6a80-5414-11e7-ab7d-5ffdaafe2ef9)] -> css selector: input[id="name"]], [4, 2, 5, 1, 2, 3, 5, 0]]
11:52:21.214 INFO - Executing: [find element: By.cssSelector: input[id="introduced"]])
11:52:21.221 INFO - Done: [find element: By.cssSelector: input[id="introduced"]]
11:52:21.224 INFO - Executing: [send keys: 79 [[PhantomJSDriver: phantomjs on OS X 10.11 (2cab6a80-5414-11e7-ab7d-5ffdaafe2ef9)] -> css selector: input[id="introduced"]], [2, 0, 1, 4, -, 0, 5, -, 2, 1]])
11:52:21.253 INFO - Done: [send keys: 79 [[PhantomJSDriver: phantomjs on OS X 10.11 (2cab6a80-5414-11e7-ab7d-5ffdaafe2ef9)] -> css selector: input[id="introduced"]], [2, 0, 1, 4, -, 0, 5, -, 2, 1]]
11:52:21.256 INFO - Executing: [find element: By.cssSelector: input[id="discontinued"]])
11:52:21.264 INFO - Done: [find element: By.cssSelector: input[id="discontinued"]]
11:52:21.266 INFO - Executing: [send keys: 80 [[PhantomJSDriver: phantomjs on OS X 10.11 (2cab6a80-5414-11e7-ab7d-5ffdaafe2ef9)] -> css selector: input[id="discontinued"]], [2, 0, 1, 6, -, 0, 5, -, 2, 3]])
11:52:21.296 INFO - Done: [send keys: 80 [[PhantomJSDriver: phantomjs on OS X 10.11 (2cab6a80-5414-11e7-ab7d-5ffdaafe2ef9)] -> css selector: input[id="discontinued"]], [2, 0, 1, 6, -, 0, 5, -, 2, 3]]
11:52:21.298 INFO - Executing: [find element: By.cssSelector: select[id="company"] option[value="1"]])
11:52:21.305 INFO - Done: [find element: By.cssSelector: select[id="company"] option[value="1"]]
11:52:21.307 INFO - Executing: [click: 81 [[PhantomJSDriver: phantomjs on OS X 10.11 (2cab6a80-5414-11e7-ab7d-5ffdaafe2ef9)] -> css selector: select[id="company"] option[value="1"]]])
11:52:21.338 INFO - Done: [click: 81 [[PhantomJSDriver: phantomjs on OS X 10.11 (2cab6a80-5414-11e7-ab7d-5ffdaafe2ef9)] -> css selector: select[id="company"] option[value="1"]]]
11:52:21.340 INFO - Executing: [find element: By.cssSelector: input[value="Create this computer"]])
11:52:21.348 INFO - Done: [find element: By.cssSelector: input[value="Create this computer"]]
11:52:21.350 INFO - Executing: [click: 82 [[PhantomJSDriver: phantomjs on OS X 10.11 (2cab6a80-5414-11e7-ab7d-5ffdaafe2ef9)] -> css selector: input[value="Create this computer"]]])
11:52:21.786 INFO - Done: [click: 82 [[PhantomJSDriver: phantomjs on OS X 10.11 (2cab6a80-5414-11e7-ab7d-5ffdaafe2ef9)] -> css selector: input[value="Create this computer"]]]
11:52:21.790 INFO - Executing: [find element: By.cssSelector: input[type=search]])
11:52:21.797 INFO - Done: [find element: By.cssSelector: input[type=search]]
11:52:21.799 INFO - Executing: [send keys: 83 [[PhantomJSDriver: phantomjs on OS X 10.11 (2cab6a80-5414-11e7-ab7d-5ffdaafe2ef9)] -> css selector: input[type=search]], [4, 2, 5, 1, 2, 3, 5, 0]])
11:52:21.832 INFO - Done: [send keys: 83 [[PhantomJSDriver: phantomjs on OS X 10.11 (2cab6a80-5414-11e7-ab7d-5ffdaafe2ef9)] -> css selector: input[type=search]], [4, 2, 5, 1, 2, 3, 5, 0]]
11:52:21.834 INFO - Executing: [find element: By.cssSelector: input[id="searchsubmit"]])
11:52:21.843 INFO - Done: [find element: By.cssSelector: input[id="searchsubmit"]]
11:52:21.846 INFO - Executing: [click: 84 [[PhantomJSDriver: phantomjs on OS X 10.11 (2cab6a80-5414-11e7-ab7d-5ffdaafe2ef9)] -> css selector: input[id="searchsubmit"]]])
11:52:22.084 INFO - Done: [click: 84 [[PhantomJSDriver: phantomjs on OS X 10.11 (2cab6a80-5414-11e7-ab7d-5ffdaafe2ef9)] -> css selector: input[id="searchsubmit"]]]
11:52:22.087 INFO - Executing: [find elements: By.cssSelector: body])
11:52:22.095 INFO - Done: [find elements: By.cssSelector: body]
11:52:22.097 INFO - Executing: [is displayed: 85 [[PhantomJSDriver: phantomjs on OS X 10.11 (2cab6a80-5414-11e7-ab7d-5ffdaafe2ef9)] -> css selector: body]])
11:52:22.111 INFO - Done: [is displayed: 85 [[PhantomJSDriver: phantomjs on OS X 10.11 (2cab6a80-5414-11e7-ab7d-5ffdaafe2ef9)] -> css selector: body]]
11:52:22.113 INFO - Executing: [find element: By.cssSelector: #main table.computers.zebra-striped tbody tr td a])
11:52:22.120 INFO - Done: [find element: By.cssSelector: #main table.computers.zebra-striped tbody tr td a]
11:52:22.122 INFO - Executing: [get element attribute: 86 [[PhantomJSDriver: phantomjs on OS X 10.11 (2cab6a80-5414-11e7-ab7d-5ffdaafe2ef9)] -> css selector: #main table.computers.zebra-striped tbody tr td a], href])
11:52:22.133 INFO - Done: [get element attribute: 86 [[PhantomJSDriver: phantomjs on OS X 10.11 (2cab6a80-5414-11e7-ab7d-5ffdaafe2ef9)] -> css selector: #main table.computers.zebra-striped tbody tr td a], href]
11:52:22.136 INFO - Executing: [get: http://computer-database.herokuapp.com/computers/683])
11:52:22.352 INFO - Done: [get: http://computer-database.herokuapp.com/computers/683]
11:52:22.358 INFO - Executing: [get: http://computer-database.herokuapp.com/computers/new])
11:52:22.573 INFO - Done: [get: http://computer-database.herokuapp.com/computers/new]
11:52:22.576 INFO - Executing: [find elements: By.cssSelector: body])
11:52:22.584 INFO - Done: [find elements: By.cssSelector: body]
11:52:22.586 INFO - Executing: [is displayed: 87 [[PhantomJSDriver: phantomjs on OS X 10.11 (2cab6a80-5414-11e7-ab7d-5ffdaafe2ef9)] -> css selector: body]])
11:52:22.600 INFO - Done: [is displayed: 87 [[PhantomJSDriver: phantomjs on OS X 10.11 (2cab6a80-5414-11e7-ab7d-5ffdaafe2ef9)] -> css selector: body]]
11:52:22.603 INFO - Executing: [find element: By.cssSelector: input[id="name"]])
11:52:22.611 INFO - Done: [find element: By.cssSelector: input[id="name"]]
11:52:22.613 INFO - Executing: [send keys: 88 [[PhantomJSDriver: phantomjs on OS X 10.11 (2cab6a80-5414-11e7-ab7d-5ffdaafe2ef9)] -> css selector: input[id="name"]], [U, p, d, a, t, e, d]])
11:52:22.642 INFO - Done: [send keys: 88 [[PhantomJSDriver: phantomjs on OS X 10.11 (2cab6a80-5414-11e7-ab7d-5ffdaafe2ef9)] -> css selector: input[id="name"]], [U, p, d, a, t, e, d]]
11:52:22.644 INFO - Executing: [find element: By.cssSelector: input[id="introduced"]])
11:52:22.652 INFO - Done: [find element: By.cssSelector: input[id="introduced"]]
11:52:22.655 INFO - Executing: [send keys: 89 [[PhantomJSDriver: phantomjs on OS X 10.11 (2cab6a80-5414-11e7-ab7d-5ffdaafe2ef9)] -> css selector: input[id="introduced"]], [2, 0, 1, 5, -, 0, 6, -, 1, 4]])
11:52:22.686 INFO - Done: [send keys: 89 [[PhantomJSDriver: phantomjs on OS X 10.11 (2cab6a80-5414-11e7-ab7d-5ffdaafe2ef9)] -> css selector: input[id="introduced"]], [2, 0, 1, 5, -, 0, 6, -, 1, 4]]
11:52:22.688 INFO - Executing: [find element: By.cssSelector: input[id="discontinued"]])
11:52:22.695 INFO - Done: [find element: By.cssSelector: input[id="discontinued"]]
11:52:22.698 INFO - Executing: [send keys: 90 [[PhantomJSDriver: phantomjs on OS X 10.11 (2cab6a80-5414-11e7-ab7d-5ffdaafe2ef9)] -> css selector: input[id="discontinued"]], [2, 0, 1, 7, -, 0, 4, -, 1, 1]])
11:52:22.754 INFO - Done: [send keys: 90 [[PhantomJSDriver: phantomjs on OS X 10.11 (2cab6a80-5414-11e7-ab7d-5ffdaafe2ef9)] -> css selector: input[id="discontinued"]], [2, 0, 1, 7, -, 0, 4, -, 1, 1]]
11:52:22.756 INFO - Executing: [find element: By.cssSelector: select[id="company"] option[value="7"]])
11:52:22.764 INFO - Done: [find element: By.cssSelector: select[id="company"] option[value="7"]]
11:52:22.765 INFO - Executing: [click: 91 [[PhantomJSDriver: phantomjs on OS X 10.11 (2cab6a80-5414-11e7-ab7d-5ffdaafe2ef9)] -> css selector: select[id="company"] option[value="7"]]])
11:52:22.798 INFO - Done: [click: 91 [[PhantomJSDriver: phantomjs on OS X 10.11 (2cab6a80-5414-11e7-ab7d-5ffdaafe2ef9)] -> css selector: select[id="company"] option[value="7"]]]
11:52:22.800 INFO - Executing: [find element: By.cssSelector: input[value="Create this computer"]])
11:52:22.808 INFO - Done: [find element: By.cssSelector: input[value="Create this computer"]]
11:52:22.809 INFO - Executing: [click: 92 [[PhantomJSDriver: phantomjs on OS X 10.11 (2cab6a80-5414-11e7-ab7d-5ffdaafe2ef9)] -> css selector: input[value="Create this computer"]]])
11:52:23.247 INFO - Done: [click: 92 [[PhantomJSDriver: phantomjs on OS X 10.11 (2cab6a80-5414-11e7-ab7d-5ffdaafe2ef9)] -> css selector: input[value="Create this computer"]]]
11:52:23.251 INFO - Executing: [find element: By.cssSelector: input[type=search]])
11:52:23.258 INFO - Done: [find element: By.cssSelector: input[type=search]]
11:52:23.261 INFO - Executing: [send keys: 93 [[PhantomJSDriver: phantomjs on OS X 10.11 (2cab6a80-5414-11e7-ab7d-5ffdaafe2ef9)] -> css selector: input[type=search]], [U, p, d, a, t, e, d]])
11:52:23.295 INFO - Done: [send keys: 93 [[PhantomJSDriver: phantomjs on OS X 10.11 (2cab6a80-5414-11e7-ab7d-5ffdaafe2ef9)] -> css selector: input[type=search]], [U, p, d, a, t, e, d]]
11:52:23.298 INFO - Executing: [find element: By.cssSelector: input[id="searchsubmit"]])
11:52:23.306 INFO - Done: [find element: By.cssSelector: input[id="searchsubmit"]]
11:52:23.310 INFO - Executing: [click: 94 [[PhantomJSDriver: phantomjs on OS X 10.11 (2cab6a80-5414-11e7-ab7d-5ffdaafe2ef9)] -> css selector: input[id="searchsubmit"]]])
11:52:23.542 INFO - Done: [click: 94 [[PhantomJSDriver: phantomjs on OS X 10.11 (2cab6a80-5414-11e7-ab7d-5ffdaafe2ef9)] -> css selector: input[id="searchsubmit"]]]
11:52:23.545 INFO - Executing: [find element: By.cssSelector: #main table.computers.zebra-striped tbody tr td a])
11:52:23.553 INFO - Done: [find element: By.cssSelector: #main table.computers.zebra-striped tbody tr td a]
11:52:23.554 INFO - Executing: [get element attribute: 95 [[PhantomJSDriver: phantomjs on OS X 10.11 (2cab6a80-5414-11e7-ab7d-5ffdaafe2ef9)] -> css selector: #main table.computers.zebra-striped tbody tr td a], href])
11:52:23.565 INFO - Done: [get element attribute: 95 [[PhantomJSDriver: phantomjs on OS X 10.11 (2cab6a80-5414-11e7-ab7d-5ffdaafe2ef9)] -> css selector: #main table.computers.zebra-striped tbody tr td a], href]
11:52:23.568 INFO - Executing: [get: http://computer-database.herokuapp.com/computers/576])
11:52:23.789 INFO - Done: [get: http://computer-database.herokuapp.com/computers/576]
11:52:23.803 INFO - Executing: [delete session: 555b18db-e9f7-4252-a3f7-e42dc2d37bc7])
[INFO  - 2017-06-18T10:52:23.810Z] ShutdownReqHand - _handle - About to shutdown
11:52:23.855 INFO - Done: [delete session: 555b18db-e9f7-4252-a3f7-e42dc2d37bc7]
